{"numTotalTestSuites":10,"numPassedTestSuites":0,"numFailedTestSuites":10,"numPendingTestSuites":0,"numTotalTests":26,"numPassedTests":0,"numFailedTests":26,"numPendingTests":0,"numTodoTests":0,"snapshot":{"added":0,"failure":false,"filesAdded":0,"filesRemoved":0,"filesRemovedList":[],"filesUnmatched":0,"filesUpdated":0,"matched":0,"total":0,"unchecked":0,"uncheckedKeysByFile":[],"unmatched":0,"updated":0,"didUpdate":false},"startTime":1769813475755,"success":false,"testResults":[{"assertionResults":[],"startTime":1769813475755,"endTime":1769813475755,"status":"failed","message":"Failed to resolve import \"../hooks/useAuth\" from \"src/hooks/useAuth.test.jsx\". Does the file exist?","name":"C:/New Temple Keepers/temple-keepers/src/hooks/useAuth.test.jsx"},{"assertionResults":[],"startTime":1769813475755,"endTime":1769813475755,"status":"failed","message":"Cannot read properties of null (reading 'includes')","name":"C:/New Temple Keepers/temple-keepers/src/lib/progressiveEnhancement.test.js"},{"assertionResults":[{"ancestorTitles":["Security Utilities","sanitizeInput"],"fullName":"Security Utilities sanitizeInput should remove script tags","status":"failed","title":"should remove script tags","duration":0.9358000000001994,"failureMessages":["TypeError: (0 , __vite_ssr_import_1__.sanitizeInput) is not a function\n    at C:/New Temple Keepers/temple-keepers/src/utils/security.test.js:8:35\n    at file:///C:/New%20Temple%20Keepers/temple-keepers/node_modules/@vitest/runner/dist/index.js:145:11\n    at file:///C:/New%20Temple%20Keepers/temple-keepers/node_modules/@vitest/runner/dist/index.js:915:26\n    at file:///C:/New%20Temple%20Keepers/temple-keepers/node_modules/@vitest/runner/dist/index.js:1243:20\n    at new Promise (<anonymous>)\n    at runWithTimeout (file:///C:/New%20Temple%20Keepers/temple-keepers/node_modules/@vitest/runner/dist/index.js:1209:10)\n    at file:///C:/New%20Temple%20Keepers/temple-keepers/node_modules/@vitest/runner/dist/index.js:1653:37\n    at Traces.$ (file:///C:/New%20Temple%20Keepers/temple-keepers/node_modules/vitest/dist/chunks/traces.CCmnQaNT.js:142:27)\n    at trace (file:///C:/New%20Temple%20Keepers/temple-keepers/node_modules/vitest/dist/chunks/test.B8ej_ZHS.js:239:21)\n    at runTest (file:///C:/New%20Temple%20Keepers/temple-keepers/node_modules/@vitest/runner/dist/index.js:1653:12)"],"location":{"line":6,"column":7},"meta":{}},{"ancestorTitles":["Security Utilities","sanitizeInput"],"fullName":"Security Utilities sanitizeInput should remove event handlers","status":"failed","title":"should remove event handlers","duration":0.29109999999991487,"failureMessages":["TypeError: (0 , __vite_ssr_import_1__.sanitizeInput) is not a function\n    at C:/New Temple Keepers/temple-keepers/src/utils/security.test.js:14:35\n    at file:///C:/New%20Temple%20Keepers/temple-keepers/node_modules/@vitest/runner/dist/index.js:145:11\n    at file:///C:/New%20Temple%20Keepers/temple-keepers/node_modules/@vitest/runner/dist/index.js:915:26\n    at file:///C:/New%20Temple%20Keepers/temple-keepers/node_modules/@vitest/runner/dist/index.js:1243:20\n    at new Promise (<anonymous>)\n    at runWithTimeout (file:///C:/New%20Temple%20Keepers/temple-keepers/node_modules/@vitest/runner/dist/index.js:1209:10)\n    at file:///C:/New%20Temple%20Keepers/temple-keepers/node_modules/@vitest/runner/dist/index.js:1653:37\n    at Traces.$ (file:///C:/New%20Temple%20Keepers/temple-keepers/node_modules/vitest/dist/chunks/traces.CCmnQaNT.js:142:27)\n    at trace (file:///C:/New%20Temple%20Keepers/temple-keepers/node_modules/vitest/dist/chunks/test.B8ej_ZHS.js:239:21)\n    at runTest (file:///C:/New%20Temple%20Keepers/temple-keepers/node_modules/@vitest/runner/dist/index.js:1653:12)"],"location":{"line":12,"column":7},"meta":{}},{"ancestorTitles":["Security Utilities","sanitizeInput"],"fullName":"Security Utilities sanitizeInput should preserve safe HTML","status":"failed","title":"should preserve safe HTML","duration":0.3263000000001739,"failureMessages":["TypeError: (0 , __vite_ssr_import_1__.sanitizeInput) is not a function\n    at C:/New Temple Keepers/temple-keepers/src/utils/security.test.js:20:35\n    at file:///C:/New%20Temple%20Keepers/temple-keepers/node_modules/@vitest/runner/dist/index.js:145:11\n    at file:///C:/New%20Temple%20Keepers/temple-keepers/node_modules/@vitest/runner/dist/index.js:915:26\n    at file:///C:/New%20Temple%20Keepers/temple-keepers/node_modules/@vitest/runner/dist/index.js:1243:20\n    at new Promise (<anonymous>)\n    at runWithTimeout (file:///C:/New%20Temple%20Keepers/temple-keepers/node_modules/@vitest/runner/dist/index.js:1209:10)\n    at file:///C:/New%20Temple%20Keepers/temple-keepers/node_modules/@vitest/runner/dist/index.js:1653:37\n    at Traces.$ (file:///C:/New%20Temple%20Keepers/temple-keepers/node_modules/vitest/dist/chunks/traces.CCmnQaNT.js:142:27)\n    at trace (file:///C:/New%20Temple%20Keepers/temple-keepers/node_modules/vitest/dist/chunks/test.B8ej_ZHS.js:239:21)\n    at runTest (file:///C:/New%20Temple%20Keepers/temple-keepers/node_modules/@vitest/runner/dist/index.js:1653:12)"],"location":{"line":18,"column":7},"meta":{}},{"ancestorTitles":["Security Utilities","sanitizeInput"],"fullName":"Security Utilities sanitizeInput should handle empty input","status":"failed","title":"should handle empty input","duration":0.25070000000005166,"failureMessages":["TypeError: (0 , __vite_ssr_import_1__.sanitizeInput) is not a function\n    at C:/New Temple Keepers/temple-keepers/src/utils/security.test.js:25:35\n    at file:///C:/New%20Temple%20Keepers/temple-keepers/node_modules/@vitest/runner/dist/index.js:145:11\n    at file:///C:/New%20Temple%20Keepers/temple-keepers/node_modules/@vitest/runner/dist/index.js:915:26\n    at file:///C:/New%20Temple%20Keepers/temple-keepers/node_modules/@vitest/runner/dist/index.js:1243:20\n    at new Promise (<anonymous>)\n    at runWithTimeout (file:///C:/New%20Temple%20Keepers/temple-keepers/node_modules/@vitest/runner/dist/index.js:1209:10)\n    at file:///C:/New%20Temple%20Keepers/temple-keepers/node_modules/@vitest/runner/dist/index.js:1653:37\n    at Traces.$ (file:///C:/New%20Temple%20Keepers/temple-keepers/node_modules/vitest/dist/chunks/traces.CCmnQaNT.js:142:27)\n    at trace (file:///C:/New%20Temple%20Keepers/temple-keepers/node_modules/vitest/dist/chunks/test.B8ej_ZHS.js:239:21)\n    at runTest (file:///C:/New%20Temple%20Keepers/temple-keepers/node_modules/@vitest/runner/dist/index.js:1653:12)"],"location":{"line":24,"column":7},"meta":{}},{"ancestorTitles":["Security Utilities","sanitizeInput"],"fullName":"Security Utilities sanitizeInput should handle null/undefined input","status":"failed","title":"should handle null/undefined input","duration":0.2773000000001957,"failureMessages":["TypeError: (0 , __vite_ssr_import_1__.sanitizeInput) is not a function\n    at C:/New Temple Keepers/temple-keepers/src/utils/security.test.js:30:27\n    at file:///C:/New%20Temple%20Keepers/temple-keepers/node_modules/@vitest/runner/dist/index.js:145:11\n    at file:///C:/New%20Temple%20Keepers/temple-keepers/node_modules/@vitest/runner/dist/index.js:915:26\n    at file:///C:/New%20Temple%20Keepers/temple-keepers/node_modules/@vitest/runner/dist/index.js:1243:20\n    at new Promise (<anonymous>)\n    at runWithTimeout (file:///C:/New%20Temple%20Keepers/temple-keepers/node_modules/@vitest/runner/dist/index.js:1209:10)\n    at file:///C:/New%20Temple%20Keepers/temple-keepers/node_modules/@vitest/runner/dist/index.js:1653:37\n    at Traces.$ (file:///C:/New%20Temple%20Keepers/temple-keepers/node_modules/vitest/dist/chunks/traces.CCmnQaNT.js:142:27)\n    at trace (file:///C:/New%20Temple%20Keepers/temple-keepers/node_modules/vitest/dist/chunks/test.B8ej_ZHS.js:239:21)\n    at runTest (file:///C:/New%20Temple%20Keepers/temple-keepers/node_modules/@vitest/runner/dist/index.js:1653:12)"],"location":{"line":29,"column":7},"meta":{}},{"ancestorTitles":["Security Utilities","validateForm"],"fullName":"Security Utilities validateForm should validate email field","status":"failed","title":"should validate email field","duration":0.3730000000000473,"failureMessages":["TypeError: (0 , __vite_ssr_import_1__.validateForm) is not a function\n    at C:/New Temple Keepers/temple-keepers/src/utils/security.test.js:39:39\n    at file:///C:/New%20Temple%20Keepers/temple-keepers/node_modules/@vitest/runner/dist/index.js:145:11\n    at file:///C:/New%20Temple%20Keepers/temple-keepers/node_modules/@vitest/runner/dist/index.js:915:26\n    at file:///C:/New%20Temple%20Keepers/temple-keepers/node_modules/@vitest/runner/dist/index.js:1243:20\n    at new Promise (<anonymous>)\n    at runWithTimeout (file:///C:/New%20Temple%20Keepers/temple-keepers/node_modules/@vitest/runner/dist/index.js:1209:10)\n    at file:///C:/New%20Temple%20Keepers/temple-keepers/node_modules/@vitest/runner/dist/index.js:1653:37\n    at Traces.$ (file:///C:/New%20Temple%20Keepers/temple-keepers/node_modules/vitest/dist/chunks/traces.CCmnQaNT.js:142:27)\n    at trace (file:///C:/New%20Temple%20Keepers/temple-keepers/node_modules/vitest/dist/chunks/test.B8ej_ZHS.js:239:21)\n    at runTest (file:///C:/New%20Temple%20Keepers/temple-keepers/node_modules/@vitest/runner/dist/index.js:1653:12)"],"location":{"line":36,"column":7},"meta":{}},{"ancestorTitles":["Security Utilities","validateForm"],"fullName":"Security Utilities validateForm should validate required fields","status":"failed","title":"should validate required fields","duration":0.3225999999999658,"failureMessages":["TypeError: (0 , __vite_ssr_import_1__.validateForm) is not a function\n    at C:/New Temple Keepers/temple-keepers/src/utils/security.test.js:51:41\n    at file:///C:/New%20Temple%20Keepers/temple-keepers/node_modules/@vitest/runner/dist/index.js:145:11\n    at file:///C:/New%20Temple%20Keepers/temple-keepers/node_modules/@vitest/runner/dist/index.js:915:26\n    at file:///C:/New%20Temple%20Keepers/temple-keepers/node_modules/@vitest/runner/dist/index.js:1243:20\n    at new Promise (<anonymous>)\n    at runWithTimeout (file:///C:/New%20Temple%20Keepers/temple-keepers/node_modules/@vitest/runner/dist/index.js:1209:10)\n    at file:///C:/New%20Temple%20Keepers/temple-keepers/node_modules/@vitest/runner/dist/index.js:1653:37\n    at Traces.$ (file:///C:/New%20Temple%20Keepers/temple-keepers/node_modules/vitest/dist/chunks/traces.CCmnQaNT.js:142:27)\n    at trace (file:///C:/New%20Temple%20Keepers/temple-keepers/node_modules/vitest/dist/chunks/test.B8ej_ZHS.js:239:21)\n    at runTest (file:///C:/New%20Temple%20Keepers/temple-keepers/node_modules/@vitest/runner/dist/index.js:1653:12)"],"location":{"line":48,"column":7},"meta":{}},{"ancestorTitles":["Security Utilities","validateForm"],"fullName":"Security Utilities validateForm should validate minimum length","status":"failed","title":"should validate minimum length","duration":0.2808999999997468,"failureMessages":["TypeError: (0 , __vite_ssr_import_1__.validateForm) is not a function\n    at C:/New Temple Keepers/temple-keepers/src/utils/security.test.js:62:41\n    at file:///C:/New%20Temple%20Keepers/temple-keepers/node_modules/@vitest/runner/dist/index.js:145:11\n    at file:///C:/New%20Temple%20Keepers/temple-keepers/node_modules/@vitest/runner/dist/index.js:915:26\n    at file:///C:/New%20Temple%20Keepers/temple-keepers/node_modules/@vitest/runner/dist/index.js:1243:20\n    at new Promise (<anonymous>)\n    at runWithTimeout (file:///C:/New%20Temple%20Keepers/temple-keepers/node_modules/@vitest/runner/dist/index.js:1209:10)\n    at file:///C:/New%20Temple%20Keepers/temple-keepers/node_modules/@vitest/runner/dist/index.js:1653:37\n    at Traces.$ (file:///C:/New%20Temple%20Keepers/temple-keepers/node_modules/vitest/dist/chunks/traces.CCmnQaNT.js:142:27)\n    at trace (file:///C:/New%20Temple%20Keepers/temple-keepers/node_modules/vitest/dist/chunks/test.B8ej_ZHS.js:239:21)\n    at runTest (file:///C:/New%20Temple%20Keepers/temple-keepers/node_modules/@vitest/runner/dist/index.js:1653:12)"],"location":{"line":59,"column":7},"meta":{}},{"ancestorTitles":["Security Utilities","validateForm"],"fullName":"Security Utilities validateForm should validate maximum length","status":"failed","title":"should validate maximum length","duration":0.3346000000001368,"failureMessages":["TypeError: (0 , __vite_ssr_import_1__.validateForm) is not a function\n    at C:/New Temple Keepers/temple-keepers/src/utils/security.test.js:73:41\n    at file:///C:/New%20Temple%20Keepers/temple-keepers/node_modules/@vitest/runner/dist/index.js:145:11\n    at file:///C:/New%20Temple%20Keepers/temple-keepers/node_modules/@vitest/runner/dist/index.js:915:26\n    at file:///C:/New%20Temple%20Keepers/temple-keepers/node_modules/@vitest/runner/dist/index.js:1243:20\n    at new Promise (<anonymous>)\n    at runWithTimeout (file:///C:/New%20Temple%20Keepers/temple-keepers/node_modules/@vitest/runner/dist/index.js:1209:10)\n    at file:///C:/New%20Temple%20Keepers/temple-keepers/node_modules/@vitest/runner/dist/index.js:1653:37\n    at Traces.$ (file:///C:/New%20Temple%20Keepers/temple-keepers/node_modules/vitest/dist/chunks/traces.CCmnQaNT.js:142:27)\n    at trace (file:///C:/New%20Temple%20Keepers/temple-keepers/node_modules/vitest/dist/chunks/test.B8ej_ZHS.js:239:21)\n    at runTest (file:///C:/New%20Temple%20Keepers/temple-keepers/node_modules/@vitest/runner/dist/index.js:1653:12)"],"location":{"line":70,"column":7},"meta":{}},{"ancestorTitles":["Security Utilities","validateForm"],"fullName":"Security Utilities validateForm should use custom validation functions","status":"failed","title":"should use custom validation functions","duration":0.28480000000035943,"failureMessages":["TypeError: (0 , __vite_ssr_import_1__.validateForm) is not a function\n    at C:/New Temple Keepers/temple-keepers/src/utils/security.test.js:91:41\n    at file:///C:/New%20Temple%20Keepers/temple-keepers/node_modules/@vitest/runner/dist/index.js:145:11\n    at file:///C:/New%20Temple%20Keepers/temple-keepers/node_modules/@vitest/runner/dist/index.js:915:26\n    at file:///C:/New%20Temple%20Keepers/temple-keepers/node_modules/@vitest/runner/dist/index.js:1243:20\n    at new Promise (<anonymous>)\n    at runWithTimeout (file:///C:/New%20Temple%20Keepers/temple-keepers/node_modules/@vitest/runner/dist/index.js:1209:10)\n    at file:///C:/New%20Temple%20Keepers/temple-keepers/node_modules/@vitest/runner/dist/index.js:1653:37\n    at Traces.$ (file:///C:/New%20Temple%20Keepers/temple-keepers/node_modules/vitest/dist/chunks/traces.CCmnQaNT.js:142:27)\n    at trace (file:///C:/New%20Temple%20Keepers/temple-keepers/node_modules/vitest/dist/chunks/test.B8ej_ZHS.js:239:21)\n    at runTest (file:///C:/New%20Temple%20Keepers/temple-keepers/node_modules/@vitest/runner/dist/index.js:1653:12)"],"location":{"line":78,"column":7},"meta":{}},{"ancestorTitles":["Security Utilities","RateLimiter"],"fullName":"Security Utilities RateLimiter should allow requests under the limit","status":"failed","title":"should allow requests under the limit","duration":2.5951999999997497,"failureMessages":["AssertionError: expected { allowed: true, remaining: 4 } to be true // Object.is equality\n    at C:/New Temple Keepers/temple-keepers/src/utils/security.test.js:104:42\n    at file:///C:/New%20Temple%20Keepers/temple-keepers/node_modules/@vitest/runner/dist/index.js:145:11\n    at file:///C:/New%20Temple%20Keepers/temple-keepers/node_modules/@vitest/runner/dist/index.js:915:26\n    at file:///C:/New%20Temple%20Keepers/temple-keepers/node_modules/@vitest/runner/dist/index.js:1243:20\n    at new Promise (<anonymous>)\n    at runWithTimeout (file:///C:/New%20Temple%20Keepers/temple-keepers/node_modules/@vitest/runner/dist/index.js:1209:10)\n    at file:///C:/New%20Temple%20Keepers/temple-keepers/node_modules/@vitest/runner/dist/index.js:1653:37\n    at Traces.$ (file:///C:/New%20Temple%20Keepers/temple-keepers/node_modules/vitest/dist/chunks/traces.CCmnQaNT.js:142:27)\n    at trace (file:///C:/New%20Temple%20Keepers/temple-keepers/node_modules/vitest/dist/chunks/test.B8ej_ZHS.js:239:21)\n    at runTest (file:///C:/New%20Temple%20Keepers/temple-keepers/node_modules/@vitest/runner/dist/index.js:1653:12)"],"location":{"line":101,"column":7},"meta":{}},{"ancestorTitles":["Security Utilities","RateLimiter"],"fullName":"Security Utilities RateLimiter should block requests over the limit","status":"failed","title":"should block requests over the limit","duration":0.4855000000002292,"failureMessages":["AssertionError: expected { allowed: true, remaining: 1 } to be true // Object.is equality\n    at C:/New Temple Keepers/temple-keepers/src/utils/security.test.js:112:42\n    at file:///C:/New%20Temple%20Keepers/temple-keepers/node_modules/@vitest/runner/dist/index.js:145:11\n    at file:///C:/New%20Temple%20Keepers/temple-keepers/node_modules/@vitest/runner/dist/index.js:915:26\n    at file:///C:/New%20Temple%20Keepers/temple-keepers/node_modules/@vitest/runner/dist/index.js:1243:20\n    at new Promise (<anonymous>)\n    at runWithTimeout (file:///C:/New%20Temple%20Keepers/temple-keepers/node_modules/@vitest/runner/dist/index.js:1209:10)\n    at file:///C:/New%20Temple%20Keepers/temple-keepers/node_modules/@vitest/runner/dist/index.js:1653:37\n    at Traces.$ (file:///C:/New%20Temple%20Keepers/temple-keepers/node_modules/vitest/dist/chunks/traces.CCmnQaNT.js:142:27)\n    at trace (file:///C:/New%20Temple%20Keepers/temple-keepers/node_modules/vitest/dist/chunks/test.B8ej_ZHS.js:239:21)\n    at runTest (file:///C:/New%20Temple%20Keepers/temple-keepers/node_modules/@vitest/runner/dist/index.js:1653:12)"],"location":{"line":109,"column":7},"meta":{}},{"ancestorTitles":["Security Utilities","RateLimiter"],"fullName":"Security Utilities RateLimiter should handle different users separately","status":"failed","title":"should handle different users separately","duration":0.4719999999997526,"failureMessages":["AssertionError: expected { allowed: true, remaining: +0 } to be true // Object.is equality\n    at C:/New Temple Keepers/temple-keepers/src/utils/security.test.js:120:42\n    at file:///C:/New%20Temple%20Keepers/temple-keepers/node_modules/@vitest/runner/dist/index.js:145:11\n    at file:///C:/New%20Temple%20Keepers/temple-keepers/node_modules/@vitest/runner/dist/index.js:915:26\n    at file:///C:/New%20Temple%20Keepers/temple-keepers/node_modules/@vitest/runner/dist/index.js:1243:20\n    at new Promise (<anonymous>)\n    at runWithTimeout (file:///C:/New%20Temple%20Keepers/temple-keepers/node_modules/@vitest/runner/dist/index.js:1209:10)\n    at file:///C:/New%20Temple%20Keepers/temple-keepers/node_modules/@vitest/runner/dist/index.js:1653:37\n    at Traces.$ (file:///C:/New%20Temple%20Keepers/temple-keepers/node_modules/vitest/dist/chunks/traces.CCmnQaNT.js:142:27)\n    at trace (file:///C:/New%20Temple%20Keepers/temple-keepers/node_modules/vitest/dist/chunks/test.B8ej_ZHS.js:239:21)\n    at runTest (file:///C:/New%20Temple%20Keepers/temple-keepers/node_modules/@vitest/runner/dist/index.js:1653:12)"],"location":{"line":117,"column":7},"meta":{}},{"ancestorTitles":["Security Utilities","RateLimiter"],"fullName":"Security Utilities RateLimiter should reset after time window","status":"failed","title":"should reset after time window","duration":2.094699999999648,"failureMessages":["AssertionError: expected { allowed: true, remaining: +0 } to be true // Object.is equality\n    at C:/New Temple Keepers/temple-keepers/src/utils/security.test.js:131:42\n    at file:///C:/New%20Temple%20Keepers/temple-keepers/node_modules/@vitest/runner/dist/index.js:145:11\n    at file:///C:/New%20Temple%20Keepers/temple-keepers/node_modules/@vitest/runner/dist/index.js:915:26\n    at file:///C:/New%20Temple%20Keepers/temple-keepers/node_modules/@vitest/runner/dist/index.js:1243:20\n    at new Promise (<anonymous>)\n    at runWithTimeout (file:///C:/New%20Temple%20Keepers/temple-keepers/node_modules/@vitest/runner/dist/index.js:1209:10)\n    at file:///C:/New%20Temple%20Keepers/temple-keepers/node_modules/@vitest/runner/dist/index.js:1653:37\n    at Traces.$ (file:///C:/New%20Temple%20Keepers/temple-keepers/node_modules/vitest/dist/chunks/traces.CCmnQaNT.js:142:27)\n    at trace (file:///C:/New%20Temple%20Keepers/temple-keepers/node_modules/vitest/dist/chunks/test.B8ej_ZHS.js:239:21)\n    at runTest (file:///C:/New%20Temple%20Keepers/temple-keepers/node_modules/@vitest/runner/dist/index.js:1653:12)"],"location":{"line":126,"column":7},"meta":{}},{"ancestorTitles":["Security Utilities","RateLimiter"],"fullName":"Security Utilities RateLimiter should return remaining attempts","status":"failed","title":"should return remaining attempts","duration":0.20049999999991996,"failureMessages":["TypeError: limiter.getRemainingAttempts is not a function\n    at C:/New Temple Keepers/temple-keepers/src/utils/security.test.js:146:22\n    at file:///C:/New%20Temple%20Keepers/temple-keepers/node_modules/@vitest/runner/dist/index.js:145:11\n    at file:///C:/New%20Temple%20Keepers/temple-keepers/node_modules/@vitest/runner/dist/index.js:915:26\n    at file:///C:/New%20Temple%20Keepers/temple-keepers/node_modules/@vitest/runner/dist/index.js:1243:20\n    at new Promise (<anonymous>)\n    at runWithTimeout (file:///C:/New%20Temple%20Keepers/temple-keepers/node_modules/@vitest/runner/dist/index.js:1209:10)\n    at file:///C:/New%20Temple%20Keepers/temple-keepers/node_modules/@vitest/runner/dist/index.js:1653:37\n    at Traces.$ (file:///C:/New%20Temple%20Keepers/temple-keepers/node_modules/vitest/dist/chunks/traces.CCmnQaNT.js:142:27)\n    at trace (file:///C:/New%20Temple%20Keepers/temple-keepers/node_modules/vitest/dist/chunks/test.B8ej_ZHS.js:239:21)\n    at runTest (file:///C:/New%20Temple%20Keepers/temple-keepers/node_modules/@vitest/runner/dist/index.js:1653:12)"],"location":{"line":142,"column":7},"meta":{}},{"ancestorTitles":["Security Utilities","generateCSPNonce"],"fullName":"Security Utilities generateCSPNonce should generate a nonce of correct length","status":"failed","title":"should generate a nonce of correct length","duration":0.14789999999993597,"failureMessages":["TypeError: (0 , __vite_ssr_import_1__.generateCSPNonce) is not a function\n    at C:/New Temple Keepers/temple-keepers/src/utils/security.test.js:158:37\n    at file:///C:/New%20Temple%20Keepers/temple-keepers/node_modules/@vitest/runner/dist/index.js:145:11\n    at file:///C:/New%20Temple%20Keepers/temple-keepers/node_modules/@vitest/runner/dist/index.js:915:26\n    at file:///C:/New%20Temple%20Keepers/temple-keepers/node_modules/@vitest/runner/dist/index.js:1243:20\n    at new Promise (<anonymous>)\n    at runWithTimeout (file:///C:/New%20Temple%20Keepers/temple-keepers/node_modules/@vitest/runner/dist/index.js:1209:10)\n    at file:///C:/New%20Temple%20Keepers/temple-keepers/node_modules/@vitest/runner/dist/index.js:1653:37\n    at Traces.$ (file:///C:/New%20Temple%20Keepers/temple-keepers/node_modules/vitest/dist/chunks/traces.CCmnQaNT.js:142:27)\n    at trace (file:///C:/New%20Temple%20Keepers/temple-keepers/node_modules/vitest/dist/chunks/test.B8ej_ZHS.js:239:21)\n    at runTest (file:///C:/New%20Temple%20Keepers/temple-keepers/node_modules/@vitest/runner/dist/index.js:1653:12)"],"location":{"line":157,"column":7},"meta":{}},{"ancestorTitles":["Security Utilities","generateCSPNonce"],"fullName":"Security Utilities generateCSPNonce should generate different nonces","status":"failed","title":"should generate different nonces","duration":0.13319999999976062,"failureMessages":["TypeError: (0 , __vite_ssr_import_1__.generateCSPNonce) is not a function\n    at C:/New Temple Keepers/temple-keepers/src/utils/security.test.js:163:38\n    at file:///C:/New%20Temple%20Keepers/temple-keepers/node_modules/@vitest/runner/dist/index.js:145:11\n    at file:///C:/New%20Temple%20Keepers/temple-keepers/node_modules/@vitest/runner/dist/index.js:915:26\n    at file:///C:/New%20Temple%20Keepers/temple-keepers/node_modules/@vitest/runner/dist/index.js:1243:20\n    at new Promise (<anonymous>)\n    at runWithTimeout (file:///C:/New%20Temple%20Keepers/temple-keepers/node_modules/@vitest/runner/dist/index.js:1209:10)\n    at file:///C:/New%20Temple%20Keepers/temple-keepers/node_modules/@vitest/runner/dist/index.js:1653:37\n    at Traces.$ (file:///C:/New%20Temple%20Keepers/temple-keepers/node_modules/vitest/dist/chunks/traces.CCmnQaNT.js:142:27)\n    at trace (file:///C:/New%20Temple%20Keepers/temple-keepers/node_modules/vitest/dist/chunks/test.B8ej_ZHS.js:239:21)\n    at runTest (file:///C:/New%20Temple%20Keepers/temple-keepers/node_modules/@vitest/runner/dist/index.js:1653:12)"],"location":{"line":162,"column":7},"meta":{}},{"ancestorTitles":["Security Utilities","generateCSPNonce"],"fullName":"Security Utilities generateCSPNonce should generate base64url safe characters","status":"failed","title":"should generate base64url safe characters","duration":0.17139999999972133,"failureMessages":["TypeError: (0 , __vite_ssr_import_1__.generateCSPNonce) is not a function\n    at C:/New Temple Keepers/temple-keepers/src/utils/security.test.js:169:37\n    at file:///C:/New%20Temple%20Keepers/temple-keepers/node_modules/@vitest/runner/dist/index.js:145:11\n    at file:///C:/New%20Temple%20Keepers/temple-keepers/node_modules/@vitest/runner/dist/index.js:915:26\n    at file:///C:/New%20Temple%20Keepers/temple-keepers/node_modules/@vitest/runner/dist/index.js:1243:20\n    at new Promise (<anonymous>)\n    at runWithTimeout (file:///C:/New%20Temple%20Keepers/temple-keepers/node_modules/@vitest/runner/dist/index.js:1209:10)\n    at file:///C:/New%20Temple%20Keepers/temple-keepers/node_modules/@vitest/runner/dist/index.js:1653:37\n    at Traces.$ (file:///C:/New%20Temple%20Keepers/temple-keepers/node_modules/vitest/dist/chunks/traces.CCmnQaNT.js:142:27)\n    at trace (file:///C:/New%20Temple%20Keepers/temple-keepers/node_modules/vitest/dist/chunks/test.B8ej_ZHS.js:239:21)\n    at runTest (file:///C:/New%20Temple%20Keepers/temple-keepers/node_modules/@vitest/runner/dist/index.js:1653:12)"],"location":{"line":168,"column":7},"meta":{}}],"startTime":1769813478251,"endTime":1769813478261.2004,"status":"failed","message":"","name":"C:/New Temple Keepers/temple-keepers/src/utils/security.test.js"},{"assertionResults":[{"ancestorTitles":["Login Component"],"fullName":"Login Component should render login form","status":"failed","title":"should render login form","duration":37.572200000000066,"failureMessages":["TestingLibraryElementError: Found a label with the text of: /email/i, however no form control was found associated to that label. Make sure you're using the \"for\" attribute or \"aria-labelledby\" attribute correctly.\n\nIgnored nodes: comments, script, style\n\u001b[36m<body>\u001b[39m\n  \u001b[36m<div>\u001b[39m\n    \u001b[36m<div\u001b[39m\n      \u001b[33mclass\u001b[39m=\u001b[32m\"min-h-screen flex items-center justify-center p-4 transition-colors duration-300 bg-gradient-to-br from-purple-100 via-white to-amber-50\"\u001b[39m\n    \u001b[36m>\u001b[39m\n      \u001b[36m<div\u001b[39m\n        \u001b[33mclass\u001b[39m=\u001b[32m\"absolute inset-0 overflow-hidden\"\u001b[39m\n      \u001b[36m>\u001b[39m\n        \u001b[36m<div\u001b[39m\n          \u001b[33mclass\u001b[39m=\u001b[32m\"absolute -top-40 -right-40 w-80 h-80 bg-temple-purple rounded-full opacity-10 blur-3xl animate-float\"\u001b[39m\n        \u001b[36m/>\u001b[39m\n        \u001b[36m<div\u001b[39m\n          \u001b[33mclass\u001b[39m=\u001b[32m\"absolute -bottom-40 -left-40 w-80 h-80 bg-temple-gold rounded-full opacity-10 blur-3xl animate-float\"\u001b[39m\n          \u001b[33mstyle\u001b[39m=\u001b[32m\"animation-delay: 1s;\"\u001b[39m\n        \u001b[36m/>\u001b[39m\n      \u001b[36m</div>\u001b[39m\n      \u001b[36m<div\u001b[39m\n        \u001b[33mclass\u001b[39m=\u001b[32m\"w-full max-w-md relative z-10\"\u001b[39m\n      \u001b[36m>\u001b[39m\n        \u001b[36m<button\u001b[39m\n          \u001b[33maria-label\u001b[39m=\u001b[32m\"Toggle dark mode\"\u001b[39m\n          \u001b[33mclass\u001b[39m=\u001b[32m\"absolute top-4 right-4 theme-toggle z-20\"\u001b[39m\n        \u001b[36m>\u001b[39m\n          \u001b[36m<svg\u001b[39m\n            \u001b[33mclass\u001b[39m=\u001b[32m\"lucide lucide-moon w-5 h-5 text-temple-purple\"\u001b[39m\n            \u001b[33mfill\u001b[39m=\u001b[32m\"none\"\u001b[39m\n            \u001b[33mheight\u001b[39m=\u001b[32m\"24\"\u001b[39m\n            \u001b[33mstroke\u001b[39m=\u001b[32m\"currentColor\"\u001b[39m\n            \u001b[33mstroke-linecap\u001b[39m=\u001b[32m\"round\"\u001b[39m\n            \u001b[33mstroke-linejoin\u001b[39m=\u001b[32m\"round\"\u001b[39m\n            \u001b[33mstroke-width\u001b[39m=\u001b[32m\"2\"\u001b[39m\n            \u001b[33mviewBox\u001b[39m=\u001b[32m\"0 0 24 24\"\u001b[39m\n            \u001b[33mwidth\u001b[39m=\u001b[32m\"24\"\u001b[39m\n            \u001b[33mxmlns\u001b[39m=\u001b[32m\"http://www.w3.org/2000/svg\"\u001b[39m\n          \u001b[36m>\u001b[39m\n            \u001b[36m<path\u001b[39m\n              \u001b[33md\u001b[39m=\u001b[32m\"M12 3a6 6 0 0 0 9 9 9 9 0 1 1-9-9Z\"\u001b[39m\n            \u001b[36m/>\u001b[39m\n          \u001b[36m</svg>\u001b[39m\n        \u001b[36m</button>\u001b[39m\n        \u001b[36m<div\u001b[39m\n          \u001b[33mclass\u001b[39m=\u001b[32m\"text-center mb-8 animate-fade-in\"\u001b[39m\n        \u001b[36m>\u001b[39m\n          \u001b[36m<img\u001b[39m\n            \u001b[33malt\u001b[39m=\u001b[32m\"Temple Keepers\"\u001b[39m\n            \u001b[33mclass\u001b[39m=\u001b[32m\"w-24 h-24 mx-auto mb-4 object-contain\"\u001b[39m\n            \u001b[33msrc\u001b[39m=\u001b[32m\"/logo.png\"\u001b[39m\n          \u001b[36m/>\u001b[39m\n          \u001b[36m<h1\u001b[39m\n            \u001b[33mclass\u001b[39m=\u001b[32m\"font-display text-3xl font-bold text-temple-purple\"\u001b[39m\n          \u001b[36m>\u001b[39m\n            \u001b[0mTemple Keepers\u001b[0m\n          \u001b[36m</h1>\u001b[39m\n          \u001b[36m<p\u001b[39m\n            \u001b[33mclass\u001b[39m=\u001b[32m\"text-gray-600 mt-2\"\u001b[39m\n          \u001b[36m>\u001b[39m\n            \u001b[0mHonor your body, nurture your soul\u001b[0m\n          \u001b[36m</p>\u001b[39m\n        \u001b[36m</div>\u001b[39m\n        \u001b[36m<div\u001b[39m\n          \u001b[33mclass\u001b[39m=\u001b[32m\"glass-card-strong rounded-3xl p-8 animate-fade-in\"\u001b[39m\n          \u001b[33mstyle\u001b[39m=\u001b[32m\"animation-delay: 0.1s;\"\u001b[39m\n        \u001b[36m>\u001b[39m\n          \u001b[36m<h2\u001b[39m\n            \u001b[33mclass\u001b[39m=\u001b[32m\"text-2xl font-semibold text-gray-800 mb-2\"\u001b[39m\n          \u001b[36m>\u001b[39m\n            \u001b[0mWelcome Back\u001b[0m\n          \u001b[36m</h2>\u001b[39m\n          \u001b[36m<p\u001b[39m\n            \u001b[33mclass\u001b[39m=\u001b[32m\"text-gray-600 mb-6\"\u001b[39m\n          \u001b[36m>\u001b[39m\n            \u001b[0mSign in to continue your wellness journey\u001b[0m\n          \u001b[36m</p>\u001b[39m\n          \u001b[36m<form\u001b[39m\n            \u001b[33mclass\u001b[39m=\u001b[32m\"space-y-6\"\u001b[39m\n          \u001b[36m>\u001b[39m\n            \u001b[36m<div\u001b[39m\n              \u001b[33mclass\u001b[39m=\u001b[32m\"form-group\"\u001b[39m\n            \u001b[36m>\u001b[39m\n              \u001b[36m<label\u001b[39m\n                \u001b[33mclass\u001b[39m=\u001b[32m\"form-label\"\u001b[39m\n              \u001b[36m>\u001b[39m\n                \u001b[0mEmail Address\u001b[0m\n              \u001b[36m</label>\u001b[39m\n              \u001b[36m<div\u001b[39m\n                \u001b[33mclass\u001b[39m=\u001b[32m\"relative\"\u001b[39m\n              \u001b[36m>\u001b[39m\n                \u001b[36m<svg\u001b[39m\n                  \u001b[33mclass\u001b[39m=\u001b[32m\"lucide lucide-mail absolute left-4 top-1/2 -translate-y-1/2 w-5 h-5 text-gray-400\"\u001b[39m\n                  \u001b[33mfill\u001b[39m=\u001b[32m\"none\"\u001b[39m\n                  \u001b[33mheight\u001b[39m=\u001b[32m\"24\"\u001b[39m\n                  \u001b[33mstroke\u001b[39m=\u001b[32m\"currentColor\"\u001b[39m\n                  \u001b[33mstroke-linecap\u001b[39m=\u001b[32m\"round\"\u001b[39m\n                  \u001b[33mstroke-linejoin\u001b[39m=\u001b[32m\"round\"\u001b[39m\n                  \u001b[33mstroke-width\u001b[39m=\u001b[32m\"2\"\u001b[39m\n                  \u001b[33mviewBox\u001b[39m=\u001b[32m\"0 0 24 24\"\u001b[39m\n                  \u001b[33mwidth\u001b[39m=\u001b[32m\"24\"\u001b[39m\n                  \u001b[33mxmlns\u001b[39m=\u001b[32m\"http://www.w3.org/2000/svg\"\u001b[39m\n                \u001b[36m>\u001b[39m\n                  \u001b[36m<rect\u001b[39m\n                    \u001b[33mheight\u001b[39m=\u001b[32m\"16\"\u001b[39m\n                    \u001b[33mrx\u001b[39m=\u001b[32m\"2\"\u001b[39m\n                    \u001b[33mwidth\u001b[39m=\u001b[32m\"20\"\u001b[39m\n                    \u001b[33mx\u001b[39m=\u001b[32m\"2\"\u001b[39m\n                    \u001b[33my\u001b[39m=\u001b[32m\"4\"\u001b[39m\n                  \u001b[36m/>\u001b[39m\n                  \u001b[36m<path\u001b[39m\n                    \u001b[33md\u001b[39m=\u001b[32m\"m22 7-8.97 5.7a1.94 1.94 0 0 1-2.06 0L2 7\"\u001b[39m\n                  \u001b[36m/>\u001b[39m\n                \u001b[36m</svg>\u001b[39m\n                \u001b[36m<input\u001b[39m\n                  \u001b[33mclass\u001b[39m=\u001b[32m\"form-input pl-12\"\u001b[39m\n                  \u001b[33mplaceholder\u001b[39m=\u001b[32m\"Enter your email\"\u001b[39m\n                  \u001b[33mrequired\u001b[39m=\u001b[32m\"\"\u001b[39m\n                  \u001b[33mtype\u001b[39m=\u001b[32m\"email\"\u001b[39m\n                  \u001b[33mvalue\u001b[39m=\u001b[32m\"\"\u001b[39m\n                \u001b[36m/>\u001b[39m\n              \u001b[36m</div>\u001b[39m\n            \u001b[36m</div>\u001b[39m\n            \u001b[36m<div\u001b[39m\n              \u001b[33mclass\u001b[39m=\u001b[32m\"form-group\"\u001b[39m\n            \u001b[36m>\u001b[39m\n              \u001b[36m<label\u001b[39m\n                \u001b[33mclass\u001b[39m=\u001b[32m\"form-label\"\u001b[39m\n              \u001b[36m>\u001b[39m\n                \u001b[0mPassword\u001b[0m\n              \u001b[36m</label>\u001b[39m\n              \u001b[36m<div\u001b[39m\n                \u001b[33mclass\u001b[39m=\u001b[32m\"relative\"\u001b[39m\n              \u001b[36m>\u001b[39m\n                \u001b[36m<svg\u001b[39m\n                  \u001b[33mclass\u001b[39m=\u001b[32m\"lucide lucide-lock absolute left-4 top-1/2 -translate-y-1/2 w-5 h-5 text-gray-400\"\u001b[39m\n                  \u001b[33mfill\u001b[39m=\u001b[32m\"none\"\u001b[39m\n                  \u001b[33mheight\u001b[39m=\u001b[32m\"24\"\u001b[39m\n                  \u001b[33mstroke\u001b[39m=\u001b[32m\"currentColor\"\u001b[39m\n                  \u001b[33mstroke-linecap\u001b[39m=\u001b[32m\"round\"\u001b[39m\n                  \u001b[33mstroke-linejoin\u001b[39m=\u001b[32m\"round\"\u001b[39m\n                  \u001b[33mstroke-width\u001b[39m=\u001b[32m\"2\"\u001b[39m\n                  \u001b[33mviewBox\u001b[39m=\u001b[32m\"0 0 24 24\"\u001b[39m\n                  \u001b[33mwidth\u001b[39m=\u001b[32m\"24\"\u001b[39m\n                  \u001b[33mxmlns\u001b[39m=\u001b[32m\"http://www.w3.org/2000/svg\"\u001b[39m\n                \u001b[36m>\u001b[39m\n                  \u001b[36m<rect\u001b[39m\n                    \u001b[33mheight\u001b[39m=\u001b[32m\"11\"\u001b[39m\n                    \u001b[33mrx\u001b[39m=\u001b[32m\"2\"\u001b[39m\n                    \u001b[33mry\u001b[39m=\u001b[32m\"2\"\u001b[39m\n                    \u001b[33mwidth\u001b[39m=\u001b[32m\"18\"\u001b[39m\n                    \u001b[33mx\u001b[39m=\u001b[32m\"3\"\u001b[39m\n                    \u001b[33my\u001b[39m=\u001b[32m\"11\"\u001b[39m\n                  \u001b[36m/>\u001b[39m\n                  \u001b[36m<path\u001b[39m\n                    \u001b[33md\u001b[39m=\u001b[32m\"M7 11V7a5 5 0 0 1 10 0v4\"\u001b[39m\n                  \u001b[36m/>\u001b[39m\n                \u001b[36m</svg>\u001b[39m\n                \u001b[36m<input\u001b[39m\n                  \u001b[33mclass\u001b[39m=\u001b[32m\"form-input pl-12 pr-12\"\u001b[39m\n                  \u001b[33mplaceholder\u001b[39m=\u001b[32m\"Enter your password\"\u001b[39m\n                  \u001b[33mrequired\u001b[39m=\u001b[32m\"\"\u001b[39m\n                  \u001b[33mtype\u001b[39m=\u001b[32m\"password\"\u001b[39m\n                  \u001b[33mvalue\u001b[39m=\u001b[32m\"\"\u001b[39m\n                \u001b[36m/>\u001b[39m\n                \u001b[36m<div\u001b[39m\n                  \u001b[33mclass\u001b[39m=\u001b[32m\"flex justify-end\"\u001b[39m\n                \u001b[36m>\u001b[39m\n                  \u001b[36m<a\u001b[39m\n                    \u001b[33mclass\u001b[39m=\u001b[32m\"text-sm text-temple-purple hover:underline\"\u001b[39m\n                    \u001b[33mhref\u001b[39m=\u001b[32m\"/forgot-password\"\u001b[39m\n                  \u001b[36m>\u001b[39m\n                    \u001b[0mForgot password?\u001b[0m\n                  \u001b[36m</a>\u001b[39m\n                \u001b[36m</div>\u001b[39m\n                \u001b[36m<button\u001b[39m\n                  \u001b[33mclass\u001b[39m=\u001b[32m\"absolute right-4 top-1/2 -translate-y-1/2 text-gray-400 hover:text-gray-600\"\u001b[39m\n                  \u001b[33mtype\u001b[39m=\u001b[32m\"button\"\u001b[39m\n                \u001b[36m>\u001b[39m\n                  \u001b[36m<svg\u001b[39m\n                    \u001b[33mclass\u001b[39m=\u001b[32m\"lucide lucide-eye w-5 h-5\"\u001b[39m\n                    \u001b[33mfill\u001b[39m=\u001b[32m\"none\"\u001b[39m\n                    \u001b[33mheight\u001b[39m=\u001b[32m\"24\"\u001b[39m\n                    \u001b[33mstroke\u001b[39m=\u001b[32m\"currentColor\"\u001b[39m\n                    \u001b[33mstroke-linecap\u001b[39m=\u001b[32m\"round\"\u001b[39m\n                    \u001b[33mstroke-linejoin\u001b[39m=\u001b[32m\"round\"\u001b[39m\n                    \u001b[33mstroke-width\u001b[39m=\u001b[32m\"2\"\u001b[39m\n                    \u001b[33mviewBox\u001b[39m=\u001b[32m\"0 0 24 24\"\u001b[39m\n                    \u001b[33mwidth\u001b[39m=\u001b[32m\"24\"\u001b[39m\n                    \u001b[33mxmlns\u001b[39m=\u001b[32m\"http://www.w3.org/2000/svg\"\u001b[39m\n                  \u001b[36m>\u001b[39m\n                    \u001b[36m<path\u001b[39m\n                      \u001b[33md\u001b[39m=\u001b[32m\"M2 12s3-7 10-7 10 7 10 7-3 7-10 7-10-7-10-7Z\"\u001b[39m\n                    \u001b[36m/>\u001b[39m\n                    \u001b[36m<circle\u001b[39m\n                      \u001b[33mcx\u001b[39m=\u001b[32m\"12\"\u001b[39m\n                      \u001b[33mcy\u001b[39m=\u001b[32m\"12\"\u001b[39m\n                      \u001b[33mr\u001b[39m=\u001b[32m\"3\"\u001b[39m\n                    \u001b[36m/>\u001b[39m\n                  \u001b[36m</svg>\u001b[39m\n                \u001b[36m</button>\u001b[39m\n              \u001b[36m</div>\u001b[39m\n            \u001b[36m</div>\u001b[39m\n            \u001b[36m<button\u001b[39m\n              \u001b[33mclass\u001b[39m=\u001b[32m\"btn-primary w-full flex items-center justify-center gap-2 disabled:opacity-50 disabled:cursor-not-allowed\"\u001b[39m\n              \u001b[33mtype\u001b[39m=\u001b[32m\"submit\"\u001b[39m\n            \u001b[36m>\u001b[39m\n              \u001b[36m<span>\u001b[39m\n                \u001b[0mSign In\u001b[0m\n              \u001b[36m</span>\u001b[39m\n              \u001b[36m<svg\u001b[39m\n                \u001b[33mclass\u001b[39m=\u001b[32m\"lucide lucide-arrow-right w-5 h-5\"\u001b[39m\n                \u001b[33mfill\u001b[39m=\u001b[32m\"none\"\u001b[39m\n                \u001b[33mheight\u001b[39m=\u001b[32m\"24\"\u001b[39m\n                \u001b[33mstroke\u001b[39m=\u001b[32m\"currentColor\"\u001b[39m\n                \u001b[33mstroke-linecap\u001b[39m=\u001b[32m\"round\"\u001b[39m\n                \u001b[33mstroke-linejoin\u001b[39m=\u001b[32m\"round\"\u001b[39m\n                \u001b[33mstroke-width\u001b[39m=\u001b[32m\"2\"\u001b[39m\n                \u001b[33mviewBox\u001b[39m=\u001b[32m\"0 0 24 24\"\u001b[39m\n                \u001b[33mwidth\u001b[39m=\u001b[32m\"24\"\u001b[39m\n                \u001b[33mxmlns\u001b[39m=\u001b[32m\"http://www.w3.org/2000/svg\"\u001b[39m\n              \u001b[36m>\u001b[39m\n                \u001b[36m<path\u001b[39m\n                  \u001b[33md\u001b[39m=\u001b[32m\"M5 12h14\"\u001b[39m\n                \u001b[36m/>\u001b[39m\n                \u001b[36m<path\u001b[39m\n                  \u001b[33md\u001b[39m=\u001b[32m\"m12 5 7 7-7 7\"\u001b[39m\n                \u001b[36m/>\u001b[39m\n              \u001b[36m</svg>\u001b[39m\n            \u001b[36m</button>\u001b[39m\n          \u001b[36m</form>\u001b[39m\n          \u001b[36m<div\u001b[39m\n            \u001b[33mclass\u001b[39m=\u001b[32m\"mt-6 text-center\"\u001b[39m\n          \u001b[36m>\u001b[39m\n            \u001b[36m<p\u001b[39m\n              \u001b[33mclass\u001b[39m=\u001b[32m\"text-gray-600\"\u001b[39m\n            \u001b[36m>\u001b[39m\n              \u001b[0mDon't have an account?\u001b[0m\n              \u001b[0m \u001b[0m\n              \u001b[36m<a\u001b[39m\n                \u001b[33mclass\u001b[39m=\u001b[32m\"text-temple-purple font-medium hover:text-temple-purple-dark\"\u001b[39m\n                \u001b[33mhref\u001b[39m=\u001b[32m\"/signup\"\u001b[39m\n              \u001b[36m>\u001b[39m\n                \u001b[0mCreate one\u001b[0m\n              \u001b[36m</a>\u001b[39m\n            \u001b[36m</p>\u001b[39m\n          \u001b[36m</div>\u001b[39m\n        \u001b[36m</div>\u001b[39m\n        \u001b[36m<div\u001b[39m\n          \u001b[33mclass\u001b[39m=\u001b[32m\"text-center mt-6 text-sm text-gray-500 flex items-center justify-center gap-2 animate-fade-in\"\u001b[39m\n          \u001b[33mstyle\u001b[39m=\u001b[32m\"animation-delay: 0.2s;\"\u001b[39m\n        \u001b[36m>\u001b[39m\n          \u001b[36m<svg\u001b[39m\n            \u001b[33mclass\u001b[39m=\u001b[32m\"lucide lucide-heart w-4 h-4 text-temple-gold\"\u001b[39m\n            \u001b[33mfill\u001b[39m=\u001b[32m\"none\"\u001b[39m\n            \u001b[33mheight\u001b[39m=\u001b[32m\"24\"\u001b[39m\n            \u001b[33mstroke\u001b[39m=\u001b[32m\"currentColor\"\u001b[39m\n            \u001b[33mstroke-linecap\u001b[39m=\u001b[32m\"round\"\u001b[39m\n            \u001b[33mstroke-linejoin\u001b[39m=\u001b[32m\"round\"\u001b[39m\n            \u001b[33mstroke-width\u001b[39m=\u001b[32m\"2\"\u001b[39m\n            \u001b[33mviewBox\u001b[39m=\u001b[32m\"0 0 24 24\"\u001b[39m\n            \u001b[33mwidth\u001b[39m=\u001b[32m\"24\"\u001b[39m\n            \u001b[33mxmlns\u001b[39m=\u001b[32m\"http://www.w3.org/2000/svg\"\u001b[39m\n          \u001b[36m>\u001b[39m\n            \u001b[36m<path\u001b[39m\n              \u001b[33md\u001b[39m=\u001b[32m\"M19 14c1.49-1.46 3-3.21 3-5.5A5.5 5.5 0 0 0 16.5 3c-1.76 0-3 .5-4.5 2-1.5-1.5-2.74-2-4.5-2A5.5 5.5 0 0 0 2 8.5c0 2.3 1.5 4.05 3 5.5l7 7Z\"\u001b[39m\n            \u001b[36m/>\u001b[39m\n          \u001b[36m</svg>\u001b[39m\n          \u001b[36m<span>\u001b[39m\n            \u001b[0mCreated with faith & love by Denise\u001b[0m\n          \u001b[36m</span>\u001b[39m\n        \u001b[36m</div>\u001b[39m\n      \u001b[36m</div>\u001b[39m\n    \u001b[36m</div>\u001b[39m\n  \u001b[36m</div>\u001b[39m\n\u001b[36m</body>\u001b[39m\n    at Object.getElementError (C:\\New Temple Keepers\\temple-keepers\\node_modules\\@testing-library\\dom\\dist\\config.js:37:19)\n    at getAllByLabelText (C:\\New Temple Keepers\\temple-keepers\\node_modules\\@testing-library\\dom\\dist\\queries\\label-text.js:108:40)\n    at C:\\New Temple Keepers\\temple-keepers\\node_modules\\@testing-library\\dom\\dist\\query-helpers.js:52:17\n    at C:\\New Temple Keepers\\temple-keepers\\node_modules\\@testing-library\\dom\\dist\\query-helpers.js:95:19\n    at C:/New Temple Keepers/temple-keepers/src/pages/Login.test.jsx:21:19\n    at file:///C:/New%20Temple%20Keepers/temple-keepers/node_modules/@vitest/runner/dist/index.js:145:11\n    at file:///C:/New%20Temple%20Keepers/temple-keepers/node_modules/@vitest/runner/dist/index.js:915:26\n    at file:///C:/New%20Temple%20Keepers/temple-keepers/node_modules/@vitest/runner/dist/index.js:1243:20\n    at new Promise (<anonymous>)\n    at runWithTimeout (file:///C:/New%20Temple%20Keepers/temple-keepers/node_modules/@vitest/runner/dist/index.js:1209:10)"],"location":{"line":18,"column":3},"meta":{}},{"ancestorTitles":["Login Component"],"fullName":"Login Component should show validation errors for empty fields","status":"failed","title":"should show validation errors for empty fields","duration":1133.8757,"failureMessages":["Error: Unable to find an element with the text: /email is required/i. This could be because the text is broken up by multiple elements. In this case, you can provide a function for your text matcher to make your matcher more flexible.\n\nIgnored nodes: comments, script, style\n\u001b[36m<body>\u001b[39m\n  \u001b[36m<div>\u001b[39m\n    \u001b[36m<div\u001b[39m\n      \u001b[33mclass\u001b[39m=\u001b[32m\"min-h-screen flex items-center justify-center p-4 transition-colors duration-300 bg-gradient-to-br from-purple-100 via-white to-amber-50\"\u001b[39m\n    \u001b[36m>\u001b[39m\n      \u001b[36m<div\u001b[39m\n        \u001b[33mclass\u001b[39m=\u001b[32m\"absolute inset-0 overflow-hidden\"\u001b[39m\n      \u001b[36m>\u001b[39m\n        \u001b[36m<div\u001b[39m\n          \u001b[33mclass\u001b[39m=\u001b[32m\"absolute -top-40 -right-40 w-80 h-80 bg-temple-purple rounded-full opacity-10 blur-3xl animate-float\"\u001b[39m\n        \u001b[36m/>\u001b[39m\n        \u001b[36m<div\u001b[39m\n          \u001b[33mclass\u001b[39m=\u001b[32m\"absolute -bottom-40 -left-40 w-80 h-80 bg-temple-gold rounded-full opacity-10 blur-3xl animate-float\"\u001b[39m\n          \u001b[33mstyle\u001b[39m=\u001b[32m\"animation-delay: 1s;\"\u001b[39m\n        \u001b[36m/>\u001b[39m\n      \u001b[36m</div>\u001b[39m\n      \u001b[36m<div\u001b[39m\n        \u001b[33mclass\u001b[39m=\u001b[32m\"w-full max-w-md relative z-10\"\u001b[39m\n      \u001b[36m>\u001b[39m\n        \u001b[36m<button\u001b[39m\n          \u001b[33maria-label\u001b[39m=\u001b[32m\"Toggle dark mode\"\u001b[39m\n          \u001b[33mclass\u001b[39m=\u001b[32m\"absolute top-4 right-4 theme-toggle z-20\"\u001b[39m\n        \u001b[36m>\u001b[39m\n          \u001b[36m<svg\u001b[39m\n            \u001b[33mclass\u001b[39m=\u001b[32m\"lucide lucide-moon w-5 h-5 text-temple-purple\"\u001b[39m\n            \u001b[33mfill\u001b[39m=\u001b[32m\"none\"\u001b[39m\n            \u001b[33mheight\u001b[39m=\u001b[32m\"24\"\u001b[39m\n            \u001b[33mstroke\u001b[39m=\u001b[32m\"currentColor\"\u001b[39m\n            \u001b[33mstroke-linecap\u001b[39m=\u001b[32m\"round\"\u001b[39m\n            \u001b[33mstroke-linejoin\u001b[39m=\u001b[32m\"round\"\u001b[39m\n            \u001b[33mstroke-width\u001b[39m=\u001b[32m\"2\"\u001b[39m\n            \u001b[33mviewBox\u001b[39m=\u001b[32m\"0 0 24 24\"\u001b[39m\n            \u001b[33mwidth\u001b[39m=\u001b[32m\"24\"\u001b[39m\n            \u001b[33mxmlns\u001b[39m=\u001b[32m\"http://www.w3.org/2000/svg\"\u001b[39m\n          \u001b[36m>\u001b[39m\n            \u001b[36m<path\u001b[39m\n              \u001b[33md\u001b[39m=\u001b[32m\"M12 3a6 6 0 0 0 9 9 9 9 0 1 1-9-9Z\"\u001b[39m\n            \u001b[36m/>\u001b[39m\n          \u001b[36m</svg>\u001b[39m\n        \u001b[36m</button>\u001b[39m\n        \u001b[36m<div\u001b[39m\n          \u001b[33mclass\u001b[39m=\u001b[32m\"text-center mb-8 animate-fade-in\"\u001b[39m\n        \u001b[36m>\u001b[39m\n          \u001b[36m<img\u001b[39m\n            \u001b[33malt\u001b[39m=\u001b[32m\"Temple Keepers\"\u001b[39m\n            \u001b[33mclass\u001b[39m=\u001b[32m\"w-24 h-24 mx-auto mb-4 object-contain\"\u001b[39m\n            \u001b[33msrc\u001b[39m=\u001b[32m\"/logo.png\"\u001b[39m\n          \u001b[36m/>\u001b[39m\n          \u001b[36m<h1\u001b[39m\n            \u001b[33mclass\u001b[39m=\u001b[32m\"font-display text-3xl font-bold text-temple-purple\"\u001b[39m\n          \u001b[36m>\u001b[39m\n            \u001b[0mTemple Keepers\u001b[0m\n          \u001b[36m</h1>\u001b[39m\n          \u001b[36m<p\u001b[39m\n            \u001b[33mclass\u001b[39m=\u001b[32m\"text-gray-600 mt-2\"\u001b[39m\n          \u001b[36m>\u001b[39m\n            \u001b[0mHonor your body, nurture your soul\u001b[0m\n          \u001b[36m</p>\u001b[39m\n        \u001b[36m</div>\u001b[39m\n        \u001b[36m<div\u001b[39m\n          \u001b[33mclass\u001b[39m=\u001b[32m\"glass-card-strong rounded-3xl p-8 animate-fade-in\"\u001b[39m\n          \u001b[33mstyle\u001b[39m=\u001b[32m\"animation-delay: 0.1s;\"\u001b[39m\n        \u001b[36m>\u001b[39m\n          \u001b[36m<h2\u001b[39m\n            \u001b[33mclass\u001b[39m=\u001b[32m\"text-2xl font-semibold text-gray-800 mb-2\"\u001b[39m\n          \u001b[36m>\u001b[39m\n            \u001b[0mWelcome Back\u001b[0m\n          \u001b[36m</h2>\u001b[39m\n          \u001b[36m<p\u001b[39m\n            \u001b[33mclass\u001b[39m=\u001b[32m\"text-gray-600 mb-6\"\u001b[39m\n          \u001b[36m>\u001b[39m\n            \u001b[0mSign in to continue your wellness journey\u001b[0m\n          \u001b[36m</p>\u001b[39m\n          \u001b[36m<form\u001b[39m\n            \u001b[33mclass\u001b[39m=\u001b[32m\"space-y-6\"\u001b[39m\n          \u001b[36m>\u001b[39m\n            \u001b[36m<div\u001b[39m\n              \u001b[33mclass\u001b[39m=\u001b[32m\"form-group\"\u001b[39m\n            \u001b[36m>\u001b[39m\n              \u001b[36m<label\u001b[39m\n                \u001b[33mclass\u001b[39m=\u001b[32m\"form-label\"\u001b[39m\n              \u001b[36m>\u001b[39m\n                \u001b[0mEmail Address\u001b[0m\n              \u001b[36m</label>\u001b[39m\n              \u001b[36m<div\u001b[39m\n                \u001b[33mclass\u001b[39m=\u001b[32m\"relative\"\u001b[39m\n              \u001b[36m>\u001b[39m\n                \u001b[36m<svg\u001b[39m\n                  \u001b[33mclass\u001b[39m=\u001b[32m\"lucide lucide-mail absolute left-4 top-1/2 -translate-y-1/2 w-5 h-5 text-gray-400\"\u001b[39m\n                  \u001b[33mfill\u001b[39m=\u001b[32m\"none\"\u001b[39m\n                  \u001b[33mheight\u001b[39m=\u001b[32m\"24\"\u001b[39m\n                  \u001b[33mstroke\u001b[39m=\u001b[32m\"currentColor\"\u001b[39m\n                  \u001b[33mstroke-linecap\u001b[39m=\u001b[32m\"round\"\u001b[39m\n                  \u001b[33mstroke-linejoin\u001b[39m=\u001b[32m\"round\"\u001b[39m\n                  \u001b[33mstroke-width\u001b[39m=\u001b[32m\"2\"\u001b[39m\n                  \u001b[33mviewBox\u001b[39m=\u001b[32m\"0 0 24 24\"\u001b[39m\n                  \u001b[33mwidth\u001b[39m=\u001b[32m\"24\"\u001b[39m\n                  \u001b[33mxmlns\u001b[39m=\u001b[32m\"http://www.w3.org/2000/svg\"\u001b[39m\n                \u001b[36m>\u001b[39m\n                  \u001b[36m<rect\u001b[39m\n                    \u001b[33mheight\u001b[39m=\u001b[32m\"16\"\u001b[39m\n                    \u001b[33mrx\u001b[39m=\u001b[32m\"2\"\u001b[39m\n                    \u001b[33mwidth\u001b[39m=\u001b[32m\"20\"\u001b[39m\n                    \u001b[33mx\u001b[39m=\u001b[32m\"2\"\u001b[39m\n                    \u001b[33my\u001b[39m=\u001b[32m\"4\"\u001b[39m\n                  \u001b[36m/>\u001b[39m\n                  \u001b[36m<path\u001b[39m\n                    \u001b[33md\u001b[39m=\u001b[32m\"m22 7-8.97 5.7a1.94 1.94 0 0 1-2.06 0L2 7\"\u001b[39m\n                  \u001b[36m/>\u001b[39m\n                \u001b[36m</svg>\u001b[39m\n                \u001b[36m<input\u001b[39m\n                  \u001b[33mclass\u001b[39m=\u001b[32m\"form-input pl-12\"\u001b[39m\n                  \u001b[33mplaceholder\u001b[39m=\u001b[32m\"Enter your email\"\u001b[39m\n                  \u001b[33mrequired\u001b[39m=\u001b[32m\"\"\u001b[39m\n                  \u001b[33mtype\u001b[39m=\u001b[32m\"email\"\u001b[39m\n                  \u001b[33mvalue\u001b[39m=\u001b[32m\"\"\u001b[39m\n                \u001b[36m/>\u001b[39m\n              \u001b[36m</div>\u001b[39m\n            \u001b[36m</div>\u001b[39m\n            \u001b[36m<div\u001b[39m\n              \u001b[33mclass\u001b[39m=\u001b[32m\"form-group\"\u001b[39m\n            \u001b[36m>\u001b[39m\n              \u001b[36m<label\u001b[39m\n                \u001b[33mclass\u001b[39m=\u001b[32m\"form-label\"\u001b[39m\n              \u001b[36m>\u001b[39m\n                \u001b[0mPassword\u001b[0m\n              \u001b[36m</label>\u001b[39m\n              \u001b[36m<div\u001b[39m\n                \u001b[33mclass\u001b[39m=\u001b[32m\"relative\"\u001b[39m\n              \u001b[36m>\u001b[39m\n                \u001b[36m<svg\u001b[39m\n                  \u001b[33mclass\u001b[39m=\u001b[32m\"lucide lucide-lock absolute left-4 top-1/2 -translate-y-1/2 w-5 h-5 text-gray-400\"\u001b[39m\n                  \u001b[33mfill\u001b[39m=\u001b[32m\"none\"\u001b[39m\n                  \u001b[33mheight\u001b[39m=\u001b[32m\"24\"\u001b[39m\n                  \u001b[33mstroke\u001b[39m=\u001b[32m\"currentColor\"\u001b[39m\n                  \u001b[33mstroke-linecap\u001b[39m=\u001b[32m\"round\"\u001b[39m\n                  \u001b[33mstroke-linejoin\u001b[39m=\u001b[32m\"round\"\u001b[39m\n                  \u001b[33mstroke-width\u001b[39m=\u001b[32m\"2\"\u001b[39m\n                  \u001b[33mviewBox\u001b[39m=\u001b[32m\"0 0 24 24\"\u001b[39m\n                  \u001b[33mwidth\u001b[39m=\u001b[32m\"24\"\u001b[39m\n                  \u001b[33mxmlns\u001b[39m=\u001b[32m\"http://www.w3.org/2000/svg\"\u001b[39m\n                \u001b[36m>\u001b[39m\n                  \u001b[36m<rect\u001b[39m\n                    \u001b[33mheight\u001b[39m=\u001b[32m\"11\"\u001b[39m\n                    \u001b[33mrx\u001b[39m=\u001b[32m\"2\"\u001b[39m\n                    \u001b[33mry\u001b[39m=\u001b[32m\"2\"\u001b[39m\n                    \u001b[33mwidth\u001b[39m=\u001b[32m\"18\"\u001b[39m\n                    \u001b[33mx\u001b[39m=\u001b[32m\"3\"\u001b[39m\n                    \u001b[33my\u001b[39m=\u001b[32m\"11\"\u001b[39m\n                  \u001b[36m/>\u001b[39m\n                  \u001b[36m<path\u001b[39m\n                    \u001b[33md\u001b[39m=\u001b[32m\"M7 11V7a5 5 0 0 1 10 0v4\"\u001b[39m\n                  \u001b[36m/>\u001b[39m\n                \u001b[36m</svg>\u001b[39m\n                \u001b[36m<input\u001b[39m\n                  \u001b[33mclass\u001b[39m=\u001b[32m\"form-input pl-12 pr-12\"\u001b[39m\n                  \u001b[33mplaceholder\u001b[39m=\u001b[32m\"Enter your password\"\u001b[39m\n                  \u001b[33mrequired\u001b[39m=\u001b[32m\"\"\u001b[39m\n                  \u001b[33mtype\u001b[39m=\u001b[32m\"password\"\u001b[39m\n                  \u001b[33mvalue\u001b[39m=\u001b[32m\"\"\u001b[39m\n                \u001b[36m/>\u001b[39m\n                \u001b[36m<div\u001b[39m\n                  \u001b[33mclass\u001b[39m=\u001b[32m\"flex justify-end\"\u001b[39m\n                \u001b[36m>\u001b[39m\n                  \u001b[36m<a\u001b[39m\n                    \u001b[33mclass\u001b[39m=\u001b[32m\"text-sm text-temple-purple hover:underline\"\u001b[39m\n                    \u001b[33mhref\u001b[39m=\u001b[32m\"/forgot-password\"\u001b[39m\n                  \u001b[36m>\u001b[39m\n                    \u001b[0mForgot password?\u001b[0m\n                  \u001b[36m</a>\u001b[39m\n                \u001b[36m</div>\u001b[39m\n                \u001b[36m<button\u001b[39m\n                  \u001b[33mclass\u001b[39m=\u001b[32m\"absolute right-4 top-1/2 -translate-y-1/2 text-gray-400 hover:text-gray-600\"\u001b[39m\n                  \u001b[33mtype\u001b[39m=\u001b[32m\"button\"\u001b[39m\n                \u001b[36m>\u001b[39m\n                  \u001b[36m<svg\u001b[39m\n                    \u001b[33mclass\u001b[39m=\u001b[32m\"lucide lucide-eye w-5 h-5\"\u001b[39m\n                    \u001b[33mfill\u001b[39m=\u001b[32m\"none\"\u001b[39m\n                    \u001b[33mheight\u001b[39m=\u001b[32m\"24\"\u001b[39m\n                    \u001b[33mstroke\u001b[39m=\u001b[32m\"currentColor\"\u001b[39m\n                    \u001b[33mstroke-linecap\u001b[39m=\u001b[32m\"round\"\u001b[39m\n                    \u001b[33mstroke-linejoin\u001b[39m=\u001b[32m\"round\"\u001b[39m\n                    \u001b[33mstroke-width\u001b[39m=\u001b[32m\"2\"\u001b[39m\n                    \u001b[33mviewBox\u001b[39m=\u001b[32m\"0 0 24 24\"\u001b[39m\n                    \u001b[33mwidth\u001b[39m=\u001b[32m\"24\"\u001b[39m\n                    \u001b[33mxmlns\u001b[39m=\u001b[32m\"http://www.w3.org/2000/svg\"\u001b[39m\n                  \u001b[36m>\u001b[39m\n                    \u001b[36m<path\u001b[39m\n                      \u001b[33md\u001b[39m=\u001b[32m\"M2 12s3-7 10-7 10 7 10 7-3 7-10 7-10-7-10-7Z\"\u001b[39m\n                    \u001b[36m/>\u001b[39m\n                    \u001b[36m<circle\u001b[39m\n                      \u001b[33mcx\u001b[39m=\u001b[32m\"12\"\u001b[39m\n                      \u001b[33mcy\u001b[39m=\u001b[32m\"12\"\u001b[39m\n                      \u001b[33mr\u001b[39m=\u001b[32m\"3\"\u001b[39m\n                    \u001b[36m/>\u001b[39m\n                  \u001b[36m</svg>\u001b[39m\n                \u001b[36m</button>\u001b[39m\n              \u001b[36m</div>\u001b[39m\n            \u001b[36m</div>\u001b[39m\n            \u001b[36m<button\u001b[39m\n              \u001b[33mclass\u001b[39m=\u001b[32m\"btn-primary w-full flex items-center justify-center gap-2 disabled:opacity-50 disabled:cursor-not-allowed\"\u001b[39m\n              \u001b[33mtype\u001b[39m=\u001b[32m\"submit\"\u001b[39m\n            \u001b[36m>\u001b[39m\n              \u001b[36m<span>\u001b[39m\n                \u001b[0mSign In\u001b[0m\n              \u001b[36m</span>\u001b[39m\n              \u001b[36m<svg\u001b[39m\n                \u001b[33mclass\u001b[39m=\u001b[32m\"lucide lucide-arrow-right w-5 h-5\"\u001b[39m\n                \u001b[33mfill\u001b[39m=\u001b[32m\"none\"\u001b[39m\n                \u001b[33mheight\u001b[39m=\u001b[32m\"24\"\u001b[39m\n                \u001b[33mstroke\u001b[39m=\u001b[32m\"currentColor\"\u001b[39m\n                \u001b[33mstroke-linecap\u001b[39m=\u001b[32m\"round\"\u001b[39m\n                \u001b[33mstroke-linejoin\u001b[39m=\u001b[32m\"round\"\u001b[39m\n                \u001b[33mstroke-width\u001b[39m=\u001b[32m\"2\"\u001b[39m\n                \u001b[33mviewBox\u001b[39m=\u001b[32m\"0 0 24 24\"\u001b[39m\n                \u001b[33mwidth\u001b[39m=\u001b[32m\"24\"\u001b[39m\n                \u001b[33mxmlns\u001b[39m=\u001b[32m\"http://www.w3.org/2000/svg\"\u001b[39m\n              \u001b[36m>\u001b[39m\n                \u001b[36m<path\u001b[39m\n                  \u001b[33md\u001b[39m=\u001b[32m\"M5 12h14\"\u001b[39m\n                \u001b[36m/>\u001b[39m\n                \u001b[36m<path\u001b[39m\n                  \u001b[33md\u001b[39m=\u001b[32m\"m12 5 7 7-7 7\"\u001b[39m\n                \u001b[36m/>\u001b[39m\n              \u001b[36m</svg>\u001b[39m\n            \u001b[36m</button>\u001b[39m\n          \u001b[36m</form>\u001b[39m\n          \u001b[36m<div\u001b[39m\n            \u001b[33mclass\u001b[39m=\u001b[32m\"mt-6 text-center\"\u001b[39m\n          \u001b[36m>\u001b[39m\n            \u001b[36m<p\u001b[39m\n              \u001b[33mclass\u001b[39m=\u001b[32m\"text-gray-600\"\u001b[39m\n            \u001b[36m>\u001b[39m\n              \u001b[0mDon't have an account?\u001b[0m\n              \u001b[0m \u001b[0m\n              \u001b[36m<a\u001b[39m\n                \u001b[33mclass\u001b[39m=\u001b[32m\"text-temple-purple font-medium hover:text-temple-purple-dark\"\u001b[39m\n                \u001b[33mhref\u001b[39m=\u001b[32m\"/signup\"\u001b[39m\n              \u001b[36m>\u001b[39m\n                \u001b[0mCreate one\u001b[0m\n              \u001b[36m</a>\u001b[39m\n            \u001b[36m</p>\u001b[39m\n          \u001b[36m</div>\u001b[39m\n        \u001b[36m</div>\u001b[39m\n        \u001b[36m<div\u001b[39m\n          \u001b[33mclass\u001b[39m=\u001b[32m\"text-center mt-6 text-sm text-gray-500 flex items-center justify-center gap-2 animate-fade-in\"\u001b[39m\n          \u001b[33mstyle\u001b[39m=\u001b[32m\"animation-delay: 0.2s;\"\u001b[39m\n        \u001b[36m>\u001b[39m\n          \u001b[36m<svg\u001b[39m\n            \u001b[33mclass\u001b[39m=\u001b[32m\"lucide lucide-heart w-4 h-4 text-temple-gold\"\u001b[39m\n            \u001b[33mfill\u001b[39m=\u001b[32m\"none\"\u001b[39m\n            \u001b[33mheight\u001b[39m=\u001b[32m\"24\"\u001b[39m\n            \u001b[33mstroke\u001b[39m=\u001b[32m\"currentColor\"\u001b[39m\n            \u001b[33mstroke-linecap\u001b[39m=\u001b[32m\"round\"\u001b[39m\n            \u001b[33mstroke-linejoin\u001b[39m=\u001b[32m\"round\"\u001b[39m\n            \u001b[33mstroke-width\u001b[39m=\u001b[32m\"2\"\u001b[39m\n            \u001b[33mviewBox\u001b[39m=\u001b[32m\"0 0 24 24\"\u001b[39m\n            \u001b[33mwidth\u001b[39m=\u001b[32m\"24\"\u001b[39m\n            \u001b[33mxmlns\u001b[39m=\u001b[32m\"http://www.w3.org/2000/svg\"\u001b[39m\n          \u001b[36m>\u001b[39m\n            \u001b[36m<path\u001b[39m\n              \u001b[33md\u001b[39m=\u001b[32m\"M19 14c1.49-1.46 3-3.21 3-5.5A5.5 5.5 0 0 0 16.5 3c-1.76 0-3 .5-4.5 2-1.5-1.5-2.74-2-4.5-2A5.5 5.5 0 0 0 2 8.5c0 2.3 1.5 4.05 3 5.5l7 7Z\"\u001b[39m\n            \u001b[36m/>\u001b[39m\n          \u001b[36m</svg>\u001b[39m\n          \u001b[36m<span>\u001b[39m\n            \u001b[0mCreated with faith & love by Denise\u001b[0m\n          \u001b[36m</span>\u001b[39m\n        \u001b[36m</div>\u001b[39m\n      \u001b[36m</div>\u001b[39m\n    \u001b[36m</div>\u001b[39m\n  \u001b[36m</div>\u001b[39m\n\u001b[36m</body>\u001b[39m\n    at Proxy.waitForWrapper (C:\\New Temple Keepers\\temple-keepers\\node_modules\\@testing-library\\dom\\dist\\wait-for.js:163:27)\n    at C:/New Temple Keepers/temple-keepers/src/pages/Login.test.jsx:33:11\n    at file:///C:/New%20Temple%20Keepers/temple-keepers/node_modules/@vitest/runner/dist/index.js:915:20"],"location":{"line":26,"column":3},"meta":{}},{"ancestorTitles":["Login Component"],"fullName":"Login Component should validate email format","status":"failed","title":"should validate email format","duration":9.003699999999299,"failureMessages":["TestingLibraryElementError: Found a label with the text of: /email/i, however no form control was found associated to that label. Make sure you're using the \"for\" attribute or \"aria-labelledby\" attribute correctly.\n\nIgnored nodes: comments, script, style\n\u001b[36m<body>\u001b[39m\n  \u001b[36m<div>\u001b[39m\n    \u001b[36m<div\u001b[39m\n      \u001b[33mclass\u001b[39m=\u001b[32m\"min-h-screen flex items-center justify-center p-4 transition-colors duration-300 bg-gradient-to-br from-purple-100 via-white to-amber-50\"\u001b[39m\n    \u001b[36m>\u001b[39m\n      \u001b[36m<div\u001b[39m\n        \u001b[33mclass\u001b[39m=\u001b[32m\"absolute inset-0 overflow-hidden\"\u001b[39m\n      \u001b[36m>\u001b[39m\n        \u001b[36m<div\u001b[39m\n          \u001b[33mclass\u001b[39m=\u001b[32m\"absolute -top-40 -right-40 w-80 h-80 bg-temple-purple rounded-full opacity-10 blur-3xl animate-float\"\u001b[39m\n        \u001b[36m/>\u001b[39m\n        \u001b[36m<div\u001b[39m\n          \u001b[33mclass\u001b[39m=\u001b[32m\"absolute -bottom-40 -left-40 w-80 h-80 bg-temple-gold rounded-full opacity-10 blur-3xl animate-float\"\u001b[39m\n          \u001b[33mstyle\u001b[39m=\u001b[32m\"animation-delay: 1s;\"\u001b[39m\n        \u001b[36m/>\u001b[39m\n      \u001b[36m</div>\u001b[39m\n      \u001b[36m<div\u001b[39m\n        \u001b[33mclass\u001b[39m=\u001b[32m\"w-full max-w-md relative z-10\"\u001b[39m\n      \u001b[36m>\u001b[39m\n        \u001b[36m<button\u001b[39m\n          \u001b[33maria-label\u001b[39m=\u001b[32m\"Toggle dark mode\"\u001b[39m\n          \u001b[33mclass\u001b[39m=\u001b[32m\"absolute top-4 right-4 theme-toggle z-20\"\u001b[39m\n        \u001b[36m>\u001b[39m\n          \u001b[36m<svg\u001b[39m\n            \u001b[33mclass\u001b[39m=\u001b[32m\"lucide lucide-moon w-5 h-5 text-temple-purple\"\u001b[39m\n            \u001b[33mfill\u001b[39m=\u001b[32m\"none\"\u001b[39m\n            \u001b[33mheight\u001b[39m=\u001b[32m\"24\"\u001b[39m\n            \u001b[33mstroke\u001b[39m=\u001b[32m\"currentColor\"\u001b[39m\n            \u001b[33mstroke-linecap\u001b[39m=\u001b[32m\"round\"\u001b[39m\n            \u001b[33mstroke-linejoin\u001b[39m=\u001b[32m\"round\"\u001b[39m\n            \u001b[33mstroke-width\u001b[39m=\u001b[32m\"2\"\u001b[39m\n            \u001b[33mviewBox\u001b[39m=\u001b[32m\"0 0 24 24\"\u001b[39m\n            \u001b[33mwidth\u001b[39m=\u001b[32m\"24\"\u001b[39m\n            \u001b[33mxmlns\u001b[39m=\u001b[32m\"http://www.w3.org/2000/svg\"\u001b[39m\n          \u001b[36m>\u001b[39m\n            \u001b[36m<path\u001b[39m\n              \u001b[33md\u001b[39m=\u001b[32m\"M12 3a6 6 0 0 0 9 9 9 9 0 1 1-9-9Z\"\u001b[39m\n            \u001b[36m/>\u001b[39m\n          \u001b[36m</svg>\u001b[39m\n        \u001b[36m</button>\u001b[39m\n        \u001b[36m<div\u001b[39m\n          \u001b[33mclass\u001b[39m=\u001b[32m\"text-center mb-8 animate-fade-in\"\u001b[39m\n        \u001b[36m>\u001b[39m\n          \u001b[36m<img\u001b[39m\n            \u001b[33malt\u001b[39m=\u001b[32m\"Temple Keepers\"\u001b[39m\n            \u001b[33mclass\u001b[39m=\u001b[32m\"w-24 h-24 mx-auto mb-4 object-contain\"\u001b[39m\n            \u001b[33msrc\u001b[39m=\u001b[32m\"/logo.png\"\u001b[39m\n          \u001b[36m/>\u001b[39m\n          \u001b[36m<h1\u001b[39m\n            \u001b[33mclass\u001b[39m=\u001b[32m\"font-display text-3xl font-bold text-temple-purple\"\u001b[39m\n          \u001b[36m>\u001b[39m\n            \u001b[0mTemple Keepers\u001b[0m\n          \u001b[36m</h1>\u001b[39m\n          \u001b[36m<p\u001b[39m\n            \u001b[33mclass\u001b[39m=\u001b[32m\"text-gray-600 mt-2\"\u001b[39m\n          \u001b[36m>\u001b[39m\n            \u001b[0mHonor your body, nurture your soul\u001b[0m\n          \u001b[36m</p>\u001b[39m\n        \u001b[36m</div>\u001b[39m\n        \u001b[36m<div\u001b[39m\n          \u001b[33mclass\u001b[39m=\u001b[32m\"glass-card-strong rounded-3xl p-8 animate-fade-in\"\u001b[39m\n          \u001b[33mstyle\u001b[39m=\u001b[32m\"animation-delay: 0.1s;\"\u001b[39m\n        \u001b[36m>\u001b[39m\n          \u001b[36m<h2\u001b[39m\n            \u001b[33mclass\u001b[39m=\u001b[32m\"text-2xl font-semibold text-gray-800 mb-2\"\u001b[39m\n          \u001b[36m>\u001b[39m\n            \u001b[0mWelcome Back\u001b[0m\n          \u001b[36m</h2>\u001b[39m\n          \u001b[36m<p\u001b[39m\n            \u001b[33mclass\u001b[39m=\u001b[32m\"text-gray-600 mb-6\"\u001b[39m\n          \u001b[36m>\u001b[39m\n            \u001b[0mSign in to continue your wellness journey\u001b[0m\n          \u001b[36m</p>\u001b[39m\n          \u001b[36m<form\u001b[39m\n            \u001b[33mclass\u001b[39m=\u001b[32m\"space-y-6\"\u001b[39m\n          \u001b[36m>\u001b[39m\n            \u001b[36m<div\u001b[39m\n              \u001b[33mclass\u001b[39m=\u001b[32m\"form-group\"\u001b[39m\n            \u001b[36m>\u001b[39m\n              \u001b[36m<label\u001b[39m\n                \u001b[33mclass\u001b[39m=\u001b[32m\"form-label\"\u001b[39m\n              \u001b[36m>\u001b[39m\n                \u001b[0mEmail Address\u001b[0m\n              \u001b[36m</label>\u001b[39m\n              \u001b[36m<div\u001b[39m\n                \u001b[33mclass\u001b[39m=\u001b[32m\"relative\"\u001b[39m\n              \u001b[36m>\u001b[39m\n                \u001b[36m<svg\u001b[39m\n                  \u001b[33mclass\u001b[39m=\u001b[32m\"lucide lucide-mail absolute left-4 top-1/2 -translate-y-1/2 w-5 h-5 text-gray-400\"\u001b[39m\n                  \u001b[33mfill\u001b[39m=\u001b[32m\"none\"\u001b[39m\n                  \u001b[33mheight\u001b[39m=\u001b[32m\"24\"\u001b[39m\n                  \u001b[33mstroke\u001b[39m=\u001b[32m\"currentColor\"\u001b[39m\n                  \u001b[33mstroke-linecap\u001b[39m=\u001b[32m\"round\"\u001b[39m\n                  \u001b[33mstroke-linejoin\u001b[39m=\u001b[32m\"round\"\u001b[39m\n                  \u001b[33mstroke-width\u001b[39m=\u001b[32m\"2\"\u001b[39m\n                  \u001b[33mviewBox\u001b[39m=\u001b[32m\"0 0 24 24\"\u001b[39m\n                  \u001b[33mwidth\u001b[39m=\u001b[32m\"24\"\u001b[39m\n                  \u001b[33mxmlns\u001b[39m=\u001b[32m\"http://www.w3.org/2000/svg\"\u001b[39m\n                \u001b[36m>\u001b[39m\n                  \u001b[36m<rect\u001b[39m\n                    \u001b[33mheight\u001b[39m=\u001b[32m\"16\"\u001b[39m\n                    \u001b[33mrx\u001b[39m=\u001b[32m\"2\"\u001b[39m\n                    \u001b[33mwidth\u001b[39m=\u001b[32m\"20\"\u001b[39m\n                    \u001b[33mx\u001b[39m=\u001b[32m\"2\"\u001b[39m\n                    \u001b[33my\u001b[39m=\u001b[32m\"4\"\u001b[39m\n                  \u001b[36m/>\u001b[39m\n                  \u001b[36m<path\u001b[39m\n                    \u001b[33md\u001b[39m=\u001b[32m\"m22 7-8.97 5.7a1.94 1.94 0 0 1-2.06 0L2 7\"\u001b[39m\n                  \u001b[36m/>\u001b[39m\n                \u001b[36m</svg>\u001b[39m\n                \u001b[36m<input\u001b[39m\n                  \u001b[33mclass\u001b[39m=\u001b[32m\"form-input pl-12\"\u001b[39m\n                  \u001b[33mplaceholder\u001b[39m=\u001b[32m\"Enter your email\"\u001b[39m\n                  \u001b[33mrequired\u001b[39m=\u001b[32m\"\"\u001b[39m\n                  \u001b[33mtype\u001b[39m=\u001b[32m\"email\"\u001b[39m\n                  \u001b[33mvalue\u001b[39m=\u001b[32m\"\"\u001b[39m\n                \u001b[36m/>\u001b[39m\n              \u001b[36m</div>\u001b[39m\n            \u001b[36m</div>\u001b[39m\n            \u001b[36m<div\u001b[39m\n              \u001b[33mclass\u001b[39m=\u001b[32m\"form-group\"\u001b[39m\n            \u001b[36m>\u001b[39m\n              \u001b[36m<label\u001b[39m\n                \u001b[33mclass\u001b[39m=\u001b[32m\"form-label\"\u001b[39m\n              \u001b[36m>\u001b[39m\n                \u001b[0mPassword\u001b[0m\n              \u001b[36m</label>\u001b[39m\n              \u001b[36m<div\u001b[39m\n                \u001b[33mclass\u001b[39m=\u001b[32m\"relative\"\u001b[39m\n              \u001b[36m>\u001b[39m\n                \u001b[36m<svg\u001b[39m\n                  \u001b[33mclass\u001b[39m=\u001b[32m\"lucide lucide-lock absolute left-4 top-1/2 -translate-y-1/2 w-5 h-5 text-gray-400\"\u001b[39m\n                  \u001b[33mfill\u001b[39m=\u001b[32m\"none\"\u001b[39m\n                  \u001b[33mheight\u001b[39m=\u001b[32m\"24\"\u001b[39m\n                  \u001b[33mstroke\u001b[39m=\u001b[32m\"currentColor\"\u001b[39m\n                  \u001b[33mstroke-linecap\u001b[39m=\u001b[32m\"round\"\u001b[39m\n                  \u001b[33mstroke-linejoin\u001b[39m=\u001b[32m\"round\"\u001b[39m\n                  \u001b[33mstroke-width\u001b[39m=\u001b[32m\"2\"\u001b[39m\n                  \u001b[33mviewBox\u001b[39m=\u001b[32m\"0 0 24 24\"\u001b[39m\n                  \u001b[33mwidth\u001b[39m=\u001b[32m\"24\"\u001b[39m\n                  \u001b[33mxmlns\u001b[39m=\u001b[32m\"http://www.w3.org/2000/svg\"\u001b[39m\n                \u001b[36m>\u001b[39m\n                  \u001b[36m<rect\u001b[39m\n                    \u001b[33mheight\u001b[39m=\u001b[32m\"11\"\u001b[39m\n                    \u001b[33mrx\u001b[39m=\u001b[32m\"2\"\u001b[39m\n                    \u001b[33mry\u001b[39m=\u001b[32m\"2\"\u001b[39m\n                    \u001b[33mwidth\u001b[39m=\u001b[32m\"18\"\u001b[39m\n                    \u001b[33mx\u001b[39m=\u001b[32m\"3\"\u001b[39m\n                    \u001b[33my\u001b[39m=\u001b[32m\"11\"\u001b[39m\n                  \u001b[36m/>\u001b[39m\n                  \u001b[36m<path\u001b[39m\n                    \u001b[33md\u001b[39m=\u001b[32m\"M7 11V7a5 5 0 0 1 10 0v4\"\u001b[39m\n                  \u001b[36m/>\u001b[39m\n                \u001b[36m</svg>\u001b[39m\n                \u001b[36m<input\u001b[39m\n                  \u001b[33mclass\u001b[39m=\u001b[32m\"form-input pl-12 pr-12\"\u001b[39m\n                  \u001b[33mplaceholder\u001b[39m=\u001b[32m\"Enter your password\"\u001b[39m\n                  \u001b[33mrequired\u001b[39m=\u001b[32m\"\"\u001b[39m\n                  \u001b[33mtype\u001b[39m=\u001b[32m\"password\"\u001b[39m\n                  \u001b[33mvalue\u001b[39m=\u001b[32m\"\"\u001b[39m\n                \u001b[36m/>\u001b[39m\n                \u001b[36m<div\u001b[39m\n                  \u001b[33mclass\u001b[39m=\u001b[32m\"flex justify-end\"\u001b[39m\n                \u001b[36m>\u001b[39m\n                  \u001b[36m<a\u001b[39m\n                    \u001b[33mclass\u001b[39m=\u001b[32m\"text-sm text-temple-purple hover:underline\"\u001b[39m\n                    \u001b[33mhref\u001b[39m=\u001b[32m\"/forgot-password\"\u001b[39m\n                  \u001b[36m>\u001b[39m\n                    \u001b[0mForgot password?\u001b[0m\n                  \u001b[36m</a>\u001b[39m\n                \u001b[36m</div>\u001b[39m\n                \u001b[36m<button\u001b[39m\n                  \u001b[33mclass\u001b[39m=\u001b[32m\"absolute right-4 top-1/2 -translate-y-1/2 text-gray-400 hover:text-gray-600\"\u001b[39m\n                  \u001b[33mtype\u001b[39m=\u001b[32m\"button\"\u001b[39m\n                \u001b[36m>\u001b[39m\n                  \u001b[36m<svg\u001b[39m\n                    \u001b[33mclass\u001b[39m=\u001b[32m\"lucide lucide-eye w-5 h-5\"\u001b[39m\n                    \u001b[33mfill\u001b[39m=\u001b[32m\"none\"\u001b[39m\n                    \u001b[33mheight\u001b[39m=\u001b[32m\"24\"\u001b[39m\n                    \u001b[33mstroke\u001b[39m=\u001b[32m\"currentColor\"\u001b[39m\n                    \u001b[33mstroke-linecap\u001b[39m=\u001b[32m\"round\"\u001b[39m\n                    \u001b[33mstroke-linejoin\u001b[39m=\u001b[32m\"round\"\u001b[39m\n                    \u001b[33mstroke-width\u001b[39m=\u001b[32m\"2\"\u001b[39m\n                    \u001b[33mviewBox\u001b[39m=\u001b[32m\"0 0 24 24\"\u001b[39m\n                    \u001b[33mwidth\u001b[39m=\u001b[32m\"24\"\u001b[39m\n                    \u001b[33mxmlns\u001b[39m=\u001b[32m\"http://www.w3.org/2000/svg\"\u001b[39m\n                  \u001b[36m>\u001b[39m\n                    \u001b[36m<path\u001b[39m\n                      \u001b[33md\u001b[39m=\u001b[32m\"M2 12s3-7 10-7 10 7 10 7-3 7-10 7-10-7-10-7Z\"\u001b[39m\n                    \u001b[36m/>\u001b[39m\n                    \u001b[36m<circle\u001b[39m\n                      \u001b[33mcx\u001b[39m=\u001b[32m\"12\"\u001b[39m\n                      \u001b[33mcy\u001b[39m=\u001b[32m\"12\"\u001b[39m\n                      \u001b[33mr\u001b[39m=\u001b[32m\"3\"\u001b[39m\n                    \u001b[36m/>\u001b[39m\n                  \u001b[36m</svg>\u001b[39m\n                \u001b[36m</button>\u001b[39m\n              \u001b[36m</div>\u001b[39m\n            \u001b[36m</div>\u001b[39m\n            \u001b[36m<button\u001b[39m\n              \u001b[33mclass\u001b[39m=\u001b[32m\"btn-primary w-full flex items-center justify-center gap-2 disabled:opacity-50 disabled:cursor-not-allowed\"\u001b[39m\n              \u001b[33mtype\u001b[39m=\u001b[32m\"submit\"\u001b[39m\n            \u001b[36m>\u001b[39m\n              \u001b[36m<span>\u001b[39m\n                \u001b[0mSign In\u001b[0m\n              \u001b[36m</span>\u001b[39m\n              \u001b[36m<svg\u001b[39m\n                \u001b[33mclass\u001b[39m=\u001b[32m\"lucide lucide-arrow-right w-5 h-5\"\u001b[39m\n                \u001b[33mfill\u001b[39m=\u001b[32m\"none\"\u001b[39m\n                \u001b[33mheight\u001b[39m=\u001b[32m\"24\"\u001b[39m\n                \u001b[33mstroke\u001b[39m=\u001b[32m\"currentColor\"\u001b[39m\n                \u001b[33mstroke-linecap\u001b[39m=\u001b[32m\"round\"\u001b[39m\n                \u001b[33mstroke-linejoin\u001b[39m=\u001b[32m\"round\"\u001b[39m\n                \u001b[33mstroke-width\u001b[39m=\u001b[32m\"2\"\u001b[39m\n                \u001b[33mviewBox\u001b[39m=\u001b[32m\"0 0 24 24\"\u001b[39m\n                \u001b[33mwidth\u001b[39m=\u001b[32m\"24\"\u001b[39m\n                \u001b[33mxmlns\u001b[39m=\u001b[32m\"http://www.w3.org/2000/svg\"\u001b[39m\n              \u001b[36m>\u001b[39m\n                \u001b[36m<path\u001b[39m\n                  \u001b[33md\u001b[39m=\u001b[32m\"M5 12h14\"\u001b[39m\n                \u001b[36m/>\u001b[39m\n                \u001b[36m<path\u001b[39m\n                  \u001b[33md\u001b[39m=\u001b[32m\"m12 5 7 7-7 7\"\u001b[39m\n                \u001b[36m/>\u001b[39m\n              \u001b[36m</svg>\u001b[39m\n            \u001b[36m</button>\u001b[39m\n          \u001b[36m</form>\u001b[39m\n          \u001b[36m<div\u001b[39m\n            \u001b[33mclass\u001b[39m=\u001b[32m\"mt-6 text-center\"\u001b[39m\n          \u001b[36m>\u001b[39m\n            \u001b[36m<p\u001b[39m\n              \u001b[33mclass\u001b[39m=\u001b[32m\"text-gray-600\"\u001b[39m\n            \u001b[36m>\u001b[39m\n              \u001b[0mDon't have an account?\u001b[0m\n              \u001b[0m \u001b[0m\n              \u001b[36m<a\u001b[39m\n                \u001b[33mclass\u001b[39m=\u001b[32m\"text-temple-purple font-medium hover:text-temple-purple-dark\"\u001b[39m\n                \u001b[33mhref\u001b[39m=\u001b[32m\"/signup\"\u001b[39m\n              \u001b[36m>\u001b[39m\n                \u001b[0mCreate one\u001b[0m\n              \u001b[36m</a>\u001b[39m\n            \u001b[36m</p>\u001b[39m\n          \u001b[36m</div>\u001b[39m\n        \u001b[36m</div>\u001b[39m\n        \u001b[36m<div\u001b[39m\n          \u001b[33mclass\u001b[39m=\u001b[32m\"text-center mt-6 text-sm text-gray-500 flex items-center justify-center gap-2 animate-fade-in\"\u001b[39m\n          \u001b[33mstyle\u001b[39m=\u001b[32m\"animation-delay: 0.2s;\"\u001b[39m\n        \u001b[36m>\u001b[39m\n          \u001b[36m<svg\u001b[39m\n            \u001b[33mclass\u001b[39m=\u001b[32m\"lucide lucide-heart w-4 h-4 text-temple-gold\"\u001b[39m\n            \u001b[33mfill\u001b[39m=\u001b[32m\"none\"\u001b[39m\n            \u001b[33mheight\u001b[39m=\u001b[32m\"24\"\u001b[39m\n            \u001b[33mstroke\u001b[39m=\u001b[32m\"currentColor\"\u001b[39m\n            \u001b[33mstroke-linecap\u001b[39m=\u001b[32m\"round\"\u001b[39m\n            \u001b[33mstroke-linejoin\u001b[39m=\u001b[32m\"round\"\u001b[39m\n            \u001b[33mstroke-width\u001b[39m=\u001b[32m\"2\"\u001b[39m\n            \u001b[33mviewBox\u001b[39m=\u001b[32m\"0 0 24 24\"\u001b[39m\n            \u001b[33mwidth\u001b[39m=\u001b[32m\"24\"\u001b[39m\n            \u001b[33mxmlns\u001b[39m=\u001b[32m\"http://www.w3.org/2000/svg\"\u001b[39m\n          \u001b[36m>\u001b[39m\n            \u001b[36m<path\u001b[39m\n              \u001b[33md\u001b[39m=\u001b[32m\"M19 14c1.49-1.46 3-3.21 3-5.5A5.5 5.5 0 0 0 16.5 3c-1.76 0-3 .5-4.5 2-1.5-1.5-2.74-2-4.5-2A5.5 5.5 0 0 0 2 8.5c0 2.3 1.5 4.05 3 5.5l7 7Z\"\u001b[39m\n            \u001b[36m/>\u001b[39m\n          \u001b[36m</svg>\u001b[39m\n          \u001b[36m<span>\u001b[39m\n            \u001b[0mCreated with faith & love by Denise\u001b[0m\n          \u001b[36m</span>\u001b[39m\n        \u001b[36m</div>\u001b[39m\n      \u001b[36m</div>\u001b[39m\n    \u001b[36m</div>\u001b[39m\n  \u001b[36m</div>\u001b[39m\n\u001b[36m</body>\u001b[39m\n    at Object.getElementError (C:\\New Temple Keepers\\temple-keepers\\node_modules\\@testing-library\\dom\\dist\\conf
[...]
6)\n    at C:/New Temple Keepers/temple-keepers/src/pages/Login.test.jsx:97:15\n    at file:///C:/New%20Temple%20Keepers/temple-keepers/node_modules/@vitest/runner/dist/index.js:145:11"],"location":{"line":95,"column":3},"meta":{}},{"ancestorTitles":["Login Component"],"fullName":"Login Component should clear errors when form is modified","status":"failed","title":"should clear errors when form is modified","duration":0.9369999999998981,"failureMessages":["Error: Cannot find module '../hooks/useAuth'\nRequire stack:\n- C:\\New Temple Keepers\\temple-keepers\\src\\pages\\Login.test.jsx\n    at Module._resolveFilename (node:internal/modules/cjs/loader:1421:15)\n    at defaultResolveImpl (node:internal/modules/cjs/loader:1059:19)\n    at resolveForCJSWithHooks (node:internal/modules/cjs/loader:1064:22)\n    at Module._load (node:internal/modules/cjs/loader:1227:37)\n    at TracingChannel.traceSync (node:diagnostics_channel:328:14)\n    at wrapModuleLoad (node:internal/modules/cjs/loader:245:24)\n    at Module.require (node:internal/modules/cjs/loader:1504:12)\n    at require (node:internal/modules/helpers:152:16)\n    at C:/New Temple Keepers/temple-keepers/src/pages/Login.test.jsx:111:15\n    at file:///C:/New%20Temple%20Keepers/temple-keepers/node_modules/@vitest/runner/dist/index.js:145:11"],"location":{"line":109,"column":3},"meta":{}},{"ancestorTitles":["Login Component"],"fullName":"Login Component should have proper accessibility attributes","status":"failed","title":"should have proper accessibility attributes","duration":9.042699999999968,"failureMessages":["TestingLibraryElementError: Found a label with the text of: /email/i, however no form control was found associated to that label. Make sure you're using the \"for\" attribute or \"aria-labelledby\" attribute correctly.\n\nIgnored nodes: comments, script, style\n\u001b[36m<body>\u001b[39m\n  \u001b[36m<div>\u001b[39m\n    \u001b[36m<div\u001b[39m\n      \u001b[33mclass\u001b[39m=\u001b[32m\"min-h-screen flex items-center justify-center p-4 transition-colors duration-300 bg-gradient-to-br from-purple-100 via-white to-amber-50\"\u001b[39m\n    \u001b[36m>\u001b[39m\n      \u001b[36m<div\u001b[39m\n        \u001b[33mclass\u001b[39m=\u001b[32m\"absolute inset-0 overflow-hidden\"\u001b[39m\n      \u001b[36m>\u001b[39m\n        \u001b[36m<div\u001b[39m\n          \u001b[33mclass\u001b[39m=\u001b[32m\"absolute -top-40 -right-40 w-80 h-80 bg-temple-purple rounded-full opacity-10 blur-3xl animate-float\"\u001b[39m\n        \u001b[36m/>\u001b[39m\n        \u001b[36m<div\u001b[39m\n          \u001b[33mclass\u001b[39m=\u001b[32m\"absolute -bottom-40 -left-40 w-80 h-80 bg-temple-gold rounded-full opacity-10 blur-3xl animate-float\"\u001b[39m\n          \u001b[33mstyle\u001b[39m=\u001b[32m\"animation-delay: 1s;\"\u001b[39m\n        \u001b[36m/>\u001b[39m\n      \u001b[36m</div>\u001b[39m\n      \u001b[36m<div\u001b[39m\n        \u001b[33mclass\u001b[39m=\u001b[32m\"w-full max-w-md relative z-10\"\u001b[39m\n      \u001b[36m>\u001b[39m\n        \u001b[36m<button\u001b[39m\n          \u001b[33maria-label\u001b[39m=\u001b[32m\"Toggle dark mode\"\u001b[39m\n          \u001b[33mclass\u001b[39m=\u001b[32m\"absolute top-4 right-4 theme-toggle z-20\"\u001b[39m\n        \u001b[36m>\u001b[39m\n          \u001b[36m<svg\u001b[39m\n            \u001b[33mclass\u001b[39m=\u001b[32m\"lucide lucide-moon w-5 h-5 text-temple-purple\"\u001b[39m\n            \u001b[33mfill\u001b[39m=\u001b[32m\"none\"\u001b[39m\n            \u001b[33mheight\u001b[39m=\u001b[32m\"24\"\u001b[39m\n            \u001b[33mstroke\u001b[39m=\u001b[32m\"currentColor\"\u001b[39m\n            \u001b[33mstroke-linecap\u001b[39m=\u001b[32m\"round\"\u001b[39m\n            \u001b[33mstroke-linejoin\u001b[39m=\u001b[32m\"round\"\u001b[39m\n            \u001b[33mstroke-width\u001b[39m=\u001b[32m\"2\"\u001b[39m\n            \u001b[33mviewBox\u001b[39m=\u001b[32m\"0 0 24 24\"\u001b[39m\n            \u001b[33mwidth\u001b[39m=\u001b[32m\"24\"\u001b[39m\n            \u001b[33mxmlns\u001b[39m=\u001b[32m\"http://www.w3.org/2000/svg\"\u001b[39m\n          \u001b[36m>\u001b[39m\n            \u001b[36m<path\u001b[39m\n              \u001b[33md\u001b[39m=\u001b[32m\"M12 3a6 6 0 0 0 9 9 9 9 0 1 1-9-9Z\"\u001b[39m\n            \u001b[36m/>\u001b[39m\n          \u001b[36m</svg>\u001b[39m\n        \u001b[36m</button>\u001b[39m\n        \u001b[36m<div\u001b[39m\n          \u001b[33mclass\u001b[39m=\u001b[32m\"text-center mb-8 animate-fade-in\"\u001b[39m\n        \u001b[36m>\u001b[39m\n          \u001b[36m<img\u001b[39m\n            \u001b[33malt\u001b[39m=\u001b[32m\"Temple Keepers\"\u001b[39m\n            \u001b[33mclass\u001b[39m=\u001b[32m\"w-24 h-24 mx-auto mb-4 object-contain\"\u001b[39m\n            \u001b[33msrc\u001b[39m=\u001b[32m\"/logo.png\"\u001b[39m\n          \u001b[36m/>\u001b[39m\n          \u001b[36m<h1\u001b[39m\n            \u001b[33mclass\u001b[39m=\u001b[32m\"font-display text-3xl font-bold text-temple-purple\"\u001b[39m\n          \u001b[36m>\u001b[39m\n            \u001b[0mTemple Keepers\u001b[0m\n          \u001b[36m</h1>\u001b[39m\n          \u001b[36m<p\u001b[39m\n            \u001b[33mclass\u001b[39m=\u001b[32m\"text-gray-600 mt-2\"\u001b[39m\n          \u001b[36m>\u001b[39m\n            \u001b[0mHonor your body, nurture your soul\u001b[0m\n          \u001b[36m</p>\u001b[39m\n        \u001b[36m</div>\u001b[39m\n        \u001b[36m<div\u001b[39m\n          \u001b[33mclass\u001b[39m=\u001b[32m\"glass-card-strong rounded-3xl p-8 animate-fade-in\"\u001b[39m\n          \u001b[33mstyle\u001b[39m=\u001b[32m\"animation-delay: 0.1s;\"\u001b[39m\n        \u001b[36m>\u001b[39m\n          \u001b[36m<h2\u001b[39m\n            \u001b[33mclass\u001b[39m=\u001b[32m\"text-2xl font-semibold text-gray-800 mb-2\"\u001b[39m\n          \u001b[36m>\u001b[39m\n            \u001b[0mWelcome Back\u001b[0m\n          \u001b[36m</h2>\u001b[39m\n          \u001b[36m<p\u001b[39m\n            \u001b[33mclass\u001b[39m=\u001b[32m\"text-gray-600 mb-6\"\u001b[39m\n          \u001b[36m>\u001b[39m\n            \u001b[0mSign in to continue your wellness journey\u001b[0m\n          \u001b[36m</p>\u001b[39m\n          \u001b[36m<form\u001b[39m\n            \u001b[33mclass\u001b[39m=\u001b[32m\"space-y-6\"\u001b[39m\n          \u001b[36m>\u001b[39m\n            \u001b[36m<div\u001b[39m\n              \u001b[33mclass\u001b[39m=\u001b[32m\"form-group\"\u001b[39m\n            \u001b[36m>\u001b[39m\n              \u001b[36m<label\u001b[39m\n                \u001b[33mclass\u001b[39m=\u001b[32m\"form-label\"\u001b[39m\n              \u001b[36m>\u001b[39m\n                \u001b[0mEmail Address\u001b[0m\n              \u001b[36m</label>\u001b[39m\n              \u001b[36m<div\u001b[39m\n                \u001b[33mclass\u001b[39m=\u001b[32m\"relative\"\u001b[39m\n              \u001b[36m>\u001b[39m\n                \u001b[36m<svg\u001b[39m\n                  \u001b[33mclass\u001b[39m=\u001b[32m\"lucide lucide-mail absolute left-4 top-1/2 -translate-y-1/2 w-5 h-5 text-gray-400\"\u001b[39m\n                  \u001b[33mfill\u001b[39m=\u001b[32m\"none\"\u001b[39m\n                  \u001b[33mheight\u001b[39m=\u001b[32m\"24\"\u001b[39m\n                  \u001b[33mstroke\u001b[39m=\u001b[32m\"currentColor\"\u001b[39m\n                  \u001b[33mstroke-linecap\u001b[39m=\u001b[32m\"round\"\u001b[39m\n                  \u001b[33mstroke-linejoin\u001b[39m=\u001b[32m\"round\"\u001b[39m\n                  \u001b[33mstroke-width\u001b[39m=\u001b[32m\"2\"\u001b[39m\n                  \u001b[33mviewBox\u001b[39m=\u001b[32m\"0 0 24 24\"\u001b[39m\n                  \u001b[33mwidth\u001b[39m=\u001b[32m\"24\"\u001b[39m\n                  \u001b[33mxmlns\u001b[39m=\u001b[32m\"http://www.w3.org/2000/svg\"\u001b[39m\n                \u001b[36m>\u001b[39m\n                  \u001b[36m<rect\u001b[39m\n                    \u001b[33mheight\u001b[39m=\u001b[32m\"16\"\u001b[39m\n                    \u001b[33mrx\u001b[39m=\u001b[32m\"2\"\u001b[39m\n                    \u001b[33mwidth\u001b[39m=\u001b[32m\"20\"\u001b[39m\n                    \u001b[33mx\u001b[39m=\u001b[32m\"2\"\u001b[39m\n                    \u001b[33my\u001b[39m=\u001b[32m\"4\"\u001b[39m\n                  \u001b[36m/>\u001b[39m\n                  \u001b[36m<path\u001b[39m\n                    \u001b[33md\u001b[39m=\u001b[32m\"m22 7-8.97 5.7a1.94 1.94 0 0 1-2.06 0L2 7\"\u001b[39m\n                  \u001b[36m/>\u001b[39m\n                \u001b[36m</svg>\u001b[39m\n                \u001b[36m<input\u001b[39m\n                  \u001b[33mclass\u001b[39m=\u001b[32m\"form-input pl-12\"\u001b[39m\n                  \u001b[33mplaceholder\u001b[39m=\u001b[32m\"Enter your email\"\u001b[39m\n                  \u001b[33mrequired\u001b[39m=\u001b[32m\"\"\u001b[39m\n                  \u001b[33mtype\u001b[39m=\u001b[32m\"email\"\u001b[39m\n                  \u001b[33mvalue\u001b[39m=\u001b[32m\"\"\u001b[39m\n                \u001b[36m/>\u001b[39m\n              \u001b[36m</div>\u001b[39m\n            \u001b[36m</div>\u001b[39m\n            \u001b[36m<div\u001b[39m\n              \u001b[33mclass\u001b[39m=\u001b[32m\"form-group\"\u001b[39m\n            \u001b[36m>\u001b[39m\n              \u001b[36m<label\u001b[39m\n                \u001b[33mclass\u001b[39m=\u001b[32m\"form-label\"\u001b[39m\n              \u001b[36m>\u001b[39m\n                \u001b[0mPassword\u001b[0m\n              \u001b[36m</label>\u001b[39m\n              \u001b[36m<div\u001b[39m\n                \u001b[33mclass\u001b[39m=\u001b[32m\"relative\"\u001b[39m\n              \u001b[36m>\u001b[39m\n                \u001b[36m<svg\u001b[39m\n                  \u001b[33mclass\u001b[39m=\u001b[32m\"lucide lucide-lock absolute left-4 top-1/2 -translate-y-1/2 w-5 h-5 text-gray-400\"\u001b[39m\n                  \u001b[33mfill\u001b[39m=\u001b[32m\"none\"\u001b[39m\n                  \u001b[33mheight\u001b[39m=\u001b[32m\"24\"\u001b[39m\n                  \u001b[33mstroke\u001b[39m=\u001b[32m\"currentColor\"\u001b[39m\n                  \u001b[33mstroke-linecap\u001b[39m=\u001b[32m\"round\"\u001b[39m\n                  \u001b[33mstroke-linejoin\u001b[39m=\u001b[32m\"round\"\u001b[39m\n                  \u001b[33mstroke-width\u001b[39m=\u001b[32m\"2\"\u001b[39m\n                  \u001b[33mviewBox\u001b[39m=\u001b[32m\"0 0 24 24\"\u001b[39m\n                  \u001b[33mwidth\u001b[39m=\u001b[32m\"24\"\u001b[39m\n                  \u001b[33mxmlns\u001b[39m=\u001b[32m\"http://www.w3.org/2000/svg\"\u001b[39m\n                \u001b[36m>\u001b[39m\n                  \u001b[36m<rect\u001b[39m\n                    \u001b[33mheight\u001b[39m=\u001b[32m\"11\"\u001b[39m\n                    \u001b[33mrx\u001b[39m=\u001b[32m\"2\"\u001b[39m\n                    \u001b[33mry\u001b[39m=\u001b[32m\"2\"\u001b[39m\n                    \u001b[33mwidth\u001b[39m=\u001b[32m\"18\"\u001b[39m\n                    \u001b[33mx\u001b[39m=\u001b[32m\"3\"\u001b[39m\n                    \u001b[33my\u001b[39m=\u001b[32m\"11\"\u001b[39m\n                  \u001b[36m/>\u001b[39m\n                  \u001b[36m<path\u001b[39m\n                    \u001b[33md\u001b[39m=\u001b[32m\"M7 11V7a5 5 0 0 1 10 0v4\"\u001b[39m\n                  \u001b[36m/>\u001b[39m\n                \u001b[36m</svg>\u001b[39m\n                \u001b[36m<input\u001b[39m\n                  \u001b[33mclass\u001b[39m=\u001b[32m\"form-input pl-12 pr-12\"\u001b[39m\n                  \u001b[33mplaceholder\u001b[39m=\u001b[32m\"Enter your password\"\u001b[39m\n                  \u001b[33mrequired\u001b[39m=\u001b[32m\"\"\u001b[39m\n                  \u001b[33mtype\u001b[39m=\u001b[32m\"password\"\u001b[39m\n                  \u001b[33mvalue\u001b[39m=\u001b[32m\"\"\u001b[39m\n                \u001b[36m/>\u001b[39m\n                \u001b[36m<div\u001b[39m\n                  \u001b[33mclass\u001b[39m=\u001b[32m\"flex justify-end\"\u001b[39m\n                \u001b[36m>\u001b[39m\n                  \u001b[36m<a\u001b[39m\n                    \u001b[33mclass\u001b[39m=\u001b[32m\"text-sm text-temple-purple hover:underline\"\u001b[39m\n                    \u001b[33mhref\u001b[39m=\u001b[32m\"/forgot-password\"\u001b[39m\n                  \u001b[36m>\u001b[39m\n                    \u001b[0mForgot password?\u001b[0m\n                  \u001b[36m</a>\u001b[39m\n                \u001b[36m</div>\u001b[39m\n                \u001b[36m<button\u001b[39m\n                  \u001b[33mclass\u001b[39m=\u001b[32m\"absolute right-4 top-1/2 -translate-y-1/2 text-gray-400 hover:text-gray-600\"\u001b[39m\n                  \u001b[33mtype\u001b[39m=\u001b[32m\"button\"\u001b[39m\n                \u001b[36m>\u001b[39m\n                  \u001b[36m<svg\u001b[39m\n                    \u001b[33mclass\u001b[39m=\u001b[32m\"lucide lucide-eye w-5 h-5\"\u001b[39m\n                    \u001b[33mfill\u001b[39m=\u001b[32m\"none\"\u001b[39m\n                    \u001b[33mheight\u001b[39m=\u001b[32m\"24\"\u001b[39m\n                    \u001b[33mstroke\u001b[39m=\u001b[32m\"currentColor\"\u001b[39m\n                    \u001b[33mstroke-linecap\u001b[39m=\u001b[32m\"round\"\u001b[39m\n                    \u001b[33mstroke-linejoin\u001b[39m=\u001b[32m\"round\"\u001b[39m\n                    \u001b[33mstroke-width\u001b[39m=\u001b[32m\"2\"\u001b[39m\n                    \u001b[33mviewBox\u001b[39m=\u001b[32m\"0 0 24 24\"\u001b[39m\n                    \u001b[33mwidth\u001b[39m=\u001b[32m\"24\"\u001b[39m\n                    \u001b[33mxmlns\u001b[39m=\u001b[32m\"http://www.w3.org/2000/svg\"\u001b[39m\n                  \u001b[36m>\u001b[39m\n                    \u001b[36m<path\u001b[39m\n                      \u001b[33md\u001b[39m=\u001b[32m\"M2 12s3-7 10-7 10 7 10 7-3 7-10 7-10-7-10-7Z\"\u001b[39m\n                    \u001b[36m/>\u001b[39m\n                    \u001b[36m<circle\u001b[39m\n                      \u001b[33mcx\u001b[39m=\u001b[32m\"12\"\u001b[39m\n                      \u001b[33mcy\u001b[39m=\u001b[32m\"12\"\u001b[39m\n                      \u001b[33mr\u001b[39m=\u001b[32m\"3\"\u001b[39m\n                    \u001b[36m/>\u001b[39m\n                  \u001b[36m</svg>\u001b[39m\n                \u001b[36m</button>\u001b[39m\n              \u001b[36m</div>\u001b[39m\n            \u001b[36m</div>\u001b[39m\n            \u001b[36m<button\u001b[39m\n              \u001b[33mclass\u001b[39m=\u001b[32m\"btn-primary w-full flex items-center justify-center gap-2 disabled:opacity-50 disabled:cursor-not-allowed\"\u001b[39m\n              \u001b[33mtype\u001b[39m=\u001b[32m\"submit\"\u001b[39m\n            \u001b[36m>\u001b[39m\n              \u001b[36m<span>\u001b[39m\n                \u001b[0mSign In\u001b[0m\n              \u001b[36m</span>\u001b[39m\n              \u001b[36m<svg\u001b[39m\n                \u001b[33mclass\u001b[39m=\u001b[32m\"lucide lucide-arrow-right w-5 h-5\"\u001b[39m\n                \u001b[33mfill\u001b[39m=\u001b[32m\"none\"\u001b[39m\n                \u001b[33mheight\u001b[39m=\u001b[32m\"24\"\u001b[39m\n                \u001b[33mstroke\u001b[39m=\u001b[32m\"currentColor\"\u001b[39m\n                \u001b[33mstroke-linecap\u001b[39m=\u001b[32m\"round\"\u001b[39m\n                \u001b[33mstroke-linejoin\u001b[39m=\u001b[32m\"round\"\u001b[39m\n                \u001b[33mstroke-width\u001b[39m=\u001b[32m\"2\"\u001b[39m\n                \u001b[33mviewBox\u001b[39m=\u001b[32m\"0 0 24 24\"\u001b[39m\n                \u001b[33mwidth\u001b[39m=\u001b[32m\"24\"\u001b[39m\n                \u001b[33mxmlns\u001b[39m=\u001b[32m\"http://www.w3.org/2000/svg\"\u001b[39m\n              \u001b[36m>\u001b[39m\n                \u001b[36m<path\u001b[39m\n                  \u001b[33md\u001b[39m=\u001b[32m\"M5 12h14\"\u001b[39m\n                \u001b[36m/>\u001b[39m\n                \u001b[36m<path\u001b[39m\n                  \u001b[33md\u001b[39m=\u001b[32m\"m12 5 7 7-7 7\"\u001b[39m\n                \u001b[36m/>\u001b[39m\n              \u001b[36m</svg>\u001b[39m\n            \u001b[36m</button>\u001b[39m\n          \u001b[36m</form>\u001b[39m\n          \u001b[36m<div\u001b[39m\n            \u001b[33mclass\u001b[39m=\u001b[32m\"mt-6 text-center\"\u001b[39m\n          \u001b[36m>\u001b[39m\n            \u001b[36m<p\u001b[39m\n              \u001b[33mclass\u001b[39m=\u001b[32m\"text-gray-600\"\u001b[39m\n            \u001b[36m>\u001b[39m\n              \u001b[0mDon't have an account?\u001b[0m\n              \u001b[0m \u001b[0m\n              \u001b[36m<a\u001b[39m\n                \u001b[33mclass\u001b[39m=\u001b[32m\"text-temple-purple font-medium hover:text-temple-purple-dark\"\u001b[39m\n                \u001b[33mhref\u001b[39m=\u001b[32m\"/signup\"\u001b[39m\n              \u001b[36m>\u001b[39m\n                \u001b[0mCreate one\u001b[0m\n              \u001b[36m</a>\u001b[39m\n            \u001b[36m</p>\u001b[39m\n          \u001b[36m</div>\u001b[39m\n        \u001b[36m</div>\u001b[39m\n        \u001b[36m<div\u001b[39m\n          \u001b[33mclass\u001b[39m=\u001b[32m\"text-center mt-6 text-sm text-gray-500 flex items-center justify-center gap-2 animate-fade-in\"\u001b[39m\n          \u001b[33mstyle\u001b[39m=\u001b[32m\"animation-delay: 0.2s;\"\u001b[39m\n        \u001b[36m>\u001b[39m\n          \u001b[36m<svg\u001b[39m\n            \u001b[33mclass\u001b[39m=\u001b[32m\"lucide lucide-heart w-4 h-4 text-temple-gold\"\u001b[39m\n            \u001b[33mfill\u001b[39m=\u001b[32m\"none\"\u001b[39m\n            \u001b[33mheight\u001b[39m=\u001b[32m\"24\"\u001b[39m\n            \u001b[33mstroke\u001b[39m=\u001b[32m\"currentColor\"\u001b[39m\n            \u001b[33mstroke-linecap\u001b[39m=\u001b[32m\"round\"\u001b[39m\n            \u001b[33mstroke-linejoin\u001b[39m=\u001b[32m\"round\"\u001b[39m\n            \u001b[33mstroke-width\u001b[39m=\u001b[32m\"2\"\u001b[39m\n            \u001b[33mviewBox\u001b[39m=\u001b[32m\"0 0 24 24\"\u001b[39m\n            \u001b[33mwidth\u001b[39m=\u001b[32m\"24\"\u001b[39m\n            \u001b[33mxmlns\u001b[39m=\u001b[32m\"http://www.w3.org/2000/svg\"\u001b[39m\n          \u001b[36m>\u001b[39m\n            \u001b[36m<path\u001b[39m\n              \u001b[33md\u001b[39m=\u001b[32m\"M19 14c1.49-1.46 3-3.21 3-5.5A5.5 5.5 0 0 0 16.5 3c-1.76 0-3 .5-4.5 2-1.5-1.5-2.74-2-4.5-2A5.5 5.5 0 0 0 2 8.5c0 2.3 1.5 4.05 3 5.5l7 7Z\"\u001b[39m\n            \u001b[36m/>\u001b[39m\n          \u001b[36m</svg>\u001b[39m\n          \u001b[36m<span>\u001b[39m\n            \u001b[0mCreated with faith & love by Denise\u001b[0m\n          \u001b[36m</span>\u001b[39m\n        \u001b[36m</div>\u001b[39m\n      \u001b[36m</div>\u001b[39m\n    \u001b[36m</div>\u001b[39m\n  \u001b[36m</div>\u001b[39m\n\u001b[36m</body>\u001b[39m\n    at Object.getElementError (C:\\New Temple Keepers\\temple-keepers\\node_modules\\@testing-library\\dom\\dist\\config.js:37:19)\n    at getAllByLabelText (C:\\New Temple Keepers\\temple-keepers\\node_modules\\@testing-library\\dom\\dist\\queries\\label-text.js:108:40)\n    at C:\\New Temple Keepers\\temple-keepers\\node_modules\\@testing-library\\dom\\dist\\query-helpers.js:52:17\n    at C:\\New Temple Keepers\\temple-keepers\\node_modules\\@testing-library\\dom\\dist\\query-helpers.js:95:19\n    at C:/New Temple Keepers/temple-keepers/src/pages/Login.test.jsx:130:31\n    at file:///C:/New%20Temple%20Keepers/temple-keepers/node_modules/@vitest/runner/dist/index.js:145:11\n    at file:///C:/New%20Temple%20Keepers/temple-keepers/node_modules/@vitest/runner/dist/index.js:915:26\n    at file:///C:/New%20Temple%20Keepers/temple-keepers/node_modules/@vitest/runner/dist/index.js:1243:20\n    at new Promise (<anonymous>)\n    at runWithTimeout (file:///C:/New%20Temple%20Keepers/temple-keepers/node_modules/@vitest/runner/dist/index.js:1209:10)"],"location":{"line":127,"column":3},"meta":{}}],"startTime":1769813478619,"endTime":1769813479813.0427,"status":"failed","message":"","name":"C:/New Temple Keepers/temple-keepers/src/pages/Login.test.jsx"}]}